DEB [20241101-14:41:56.735] thr=1   paramiko.transport: starting thread (server mode): 0x481bd6c0
DEB [20241101-14:41:56.737] thr=1   paramiko.transport: Local version/idstring: SSH-2.0-paramiko_3.5.0
DEB [20241101-14:41:56.737] thr=1   paramiko.transport: Remote version/idstring: SSH-2.0-OpenSSH_9.6p1 Ubuntu-3ubuntu13.5
INF [20241101-14:41:56.738] thr=1   paramiko.transport: Connected (version 2.0, client OpenSSH_9.6p1)
DEB [20241101-14:41:56.740] thr=1   paramiko.transport: === Key exchange possibilities ===
DEB [20241101-14:41:56.740] thr=1   paramiko.transport: kex algos: sntrup761x25519-sha512@openssh.com, curve25519-sha256, curve25519-sha256@libssh.org, ecdh-sha2-nistp256, ecdh-sha2-nistp384, ecdh-sha2-nistp521, diffie-hellman-group-exchange-sha256, diffie-hellman-group16-sha512, diffie-hellman-group18-sha512, diffie-hellman-group14-sha256, ext-info-c, kex-strict-c-v00@openssh.com
DEB [20241101-14:41:56.741] thr=1   paramiko.transport: server key: rsa-sha2-512-cert-v01@openssh.com, rsa-sha2-256-cert-v01@openssh.com, rsa-sha2-512, rsa-sha2-256, ssh-ed25519-cert-v01@openssh.com, ecdsa-sha2-nistp256-cert-v01@openssh.com, ecdsa-sha2-nistp384-cert-v01@openssh.com, ecdsa-sha2-nistp521-cert-v01@openssh.com, sk-ssh-ed25519-cert-v01@openssh.com, sk-ecdsa-sha2-nistp256-cert-v01@openssh.com, ssh-ed25519, ecdsa-sha2-nistp256, ecdsa-sha2-nistp384, ecdsa-sha2-nistp521, sk-ssh-ed25519@openssh.com, sk-ecdsa-sha2-nistp256@openssh.com
DEB [20241101-14:41:56.741] thr=1   paramiko.transport: client encrypt: chacha20-poly1305@openssh.com, aes128-ctr, aes192-ctr, aes256-ctr, aes128-gcm@openssh.com, aes256-gcm@openssh.com
DEB [20241101-14:41:56.742] thr=1   paramiko.transport: server encrypt: chacha20-poly1305@openssh.com, aes128-ctr, aes192-ctr, aes256-ctr, aes128-gcm@openssh.com, aes256-gcm@openssh.com
DEB [20241101-14:41:56.742] thr=1   paramiko.transport: client mac: umac-64-etm@openssh.com, umac-128-etm@openssh.com, hmac-sha2-256-etm@openssh.com, hmac-sha2-512-etm@openssh.com, hmac-sha1-etm@openssh.com, umac-64@openssh.com, umac-128@openssh.com, hmac-sha2-256, hmac-sha2-512, hmac-sha1
DEB [20241101-14:41:56.743] thr=1   paramiko.transport: server mac: umac-64-etm@openssh.com, umac-128-etm@openssh.com, hmac-sha2-256-etm@openssh.com, hmac-sha2-512-etm@openssh.com, hmac-sha1-etm@openssh.com, umac-64@openssh.com, umac-128@openssh.com, hmac-sha2-256, hmac-sha2-512, hmac-sha1
DEB [20241101-14:41:56.743] thr=1   paramiko.transport: client compress: none, zlib@openssh.com, zlib
DEB [20241101-14:41:56.743] thr=1   paramiko.transport: server compress: none, zlib@openssh.com, zlib
DEB [20241101-14:41:56.744] thr=1   paramiko.transport: client lang: <none>
DEB [20241101-14:41:56.744] thr=1   paramiko.transport: server lang: <none>
DEB [20241101-14:41:56.745] thr=1   paramiko.transport: kex follows: False
DEB [20241101-14:41:56.745] thr=1   paramiko.transport: === Key exchange agreements ===
DEB [20241101-14:41:56.746] thr=1   paramiko.transport: Strict kex mode: True
DEB [20241101-14:41:56.746] thr=1   paramiko.transport: Kex: curve25519-sha256@libssh.org
DEB [20241101-14:41:56.746] thr=1   paramiko.transport: HostKey: rsa-sha2-512
DEB [20241101-14:41:56.747] thr=1   paramiko.transport: Cipher: aes128-ctr
DEB [20241101-14:41:56.747] thr=1   paramiko.transport: MAC: hmac-sha2-256-etm@openssh.com
DEB [20241101-14:41:56.748] thr=1   paramiko.transport: Compression: none
DEB [20241101-14:41:56.748] thr=1   paramiko.transport: === End of kex handshake ===
DEB [20241101-14:41:56.766] thr=1   paramiko.transport: Resetting outbound seqno after NEWKEYS due to strict mode
DEB [20241101-14:41:56.767] thr=1   paramiko.transport: kex engine KexCurve25519 specified hash_algo <built-in function openssl_sha256>
DEB [20241101-14:41:56.768] thr=1   paramiko.transport: EOF in transport thread
DEB [20241101-14:42:06.568] thr=2   paramiko.transport: starting thread (server mode): 0x481be8f0
DEB [20241101-14:42:06.569] thr=2   paramiko.transport: Local version/idstring: SSH-2.0-paramiko_3.5.0
DEB [20241101-14:42:06.570] thr=2   paramiko.transport: Remote version/idstring: SSH-2.0-OpenSSH_9.6p1 Ubuntu-3ubuntu13.5
INF [20241101-14:42:06.570] thr=2   paramiko.transport: Connected (version 2.0, client OpenSSH_9.6p1)
DEB [20241101-14:42:06.571] thr=2   paramiko.transport: === Key exchange possibilities ===
DEB [20241101-14:42:06.572] thr=2   paramiko.transport: kex algos: sntrup761x25519-sha512@openssh.com, curve25519-sha256, curve25519-sha256@libssh.org, ecdh-sha2-nistp256, ecdh-sha2-nistp384, ecdh-sha2-nistp521, diffie-hellman-group-exchange-sha256, diffie-hellman-group16-sha512, diffie-hellman-group18-sha512, diffie-hellman-group14-sha256, ext-info-c, kex-strict-c-v00@openssh.com
DEB [20241101-14:42:06.573] thr=2   paramiko.transport: server key: ssh-ed25519-cert-v01@openssh.com, ecdsa-sha2-nistp256-cert-v01@openssh.com, ecdsa-sha2-nistp384-cert-v01@openssh.com, ecdsa-sha2-nistp521-cert-v01@openssh.com, sk-ssh-ed25519-cert-v01@openssh.com, sk-ecdsa-sha2-nistp256-cert-v01@openssh.com, rsa-sha2-512-cert-v01@openssh.com, rsa-sha2-256-cert-v01@openssh.com, ssh-ed25519, ecdsa-sha2-nistp256, ecdsa-sha2-nistp384, ecdsa-sha2-nistp521, sk-ssh-ed25519@openssh.com, sk-ecdsa-sha2-nistp256@openssh.com, rsa-sha2-512, rsa-sha2-256
DEB [20241101-14:42:06.573] thr=2   paramiko.transport: client encrypt: chacha20-poly1305@openssh.com, aes128-ctr, aes192-ctr, aes256-ctr, aes128-gcm@openssh.com, aes256-gcm@openssh.com
DEB [20241101-14:42:06.574] thr=2   paramiko.transport: server encrypt: chacha20-poly1305@openssh.com, aes128-ctr, aes192-ctr, aes256-ctr, aes128-gcm@openssh.com, aes256-gcm@openssh.com
DEB [20241101-14:42:06.574] thr=2   paramiko.transport: client mac: umac-64-etm@openssh.com, umac-128-etm@openssh.com, hmac-sha2-256-etm@openssh.com, hmac-sha2-512-etm@openssh.com, hmac-sha1-etm@openssh.com, umac-64@openssh.com, umac-128@openssh.com, hmac-sha2-256, hmac-sha2-512, hmac-sha1
DEB [20241101-14:42:06.574] thr=2   paramiko.transport: server mac: umac-64-etm@openssh.com, umac-128-etm@openssh.com, hmac-sha2-256-etm@openssh.com, hmac-sha2-512-etm@openssh.com, hmac-sha1-etm@openssh.com, umac-64@openssh.com, umac-128@openssh.com, hmac-sha2-256, hmac-sha2-512, hmac-sha1
DEB [20241101-14:42:06.575] thr=2   paramiko.transport: client compress: none, zlib@openssh.com, zlib
DEB [20241101-14:42:06.575] thr=2   paramiko.transport: server compress: none, zlib@openssh.com, zlib
DEB [20241101-14:42:06.575] thr=2   paramiko.transport: client lang: <none>
DEB [20241101-14:42:06.576] thr=2   paramiko.transport: server lang: <none>
DEB [20241101-14:42:06.576] thr=2   paramiko.transport: kex follows: False
DEB [20241101-14:42:06.576] thr=2   paramiko.transport: === Key exchange agreements ===
DEB [20241101-14:42:06.577] thr=2   paramiko.transport: Strict kex mode: True
DEB [20241101-14:42:06.577] thr=2   paramiko.transport: Kex: curve25519-sha256@libssh.org
DEB [20241101-14:42:06.577] thr=2   paramiko.transport: HostKey: rsa-sha2-512
DEB [20241101-14:42:06.578] thr=2   paramiko.transport: Cipher: aes128-ctr
DEB [20241101-14:42:06.578] thr=2   paramiko.transport: MAC: hmac-sha2-256-etm@openssh.com
DEB [20241101-14:42:06.579] thr=2   paramiko.transport: Compression: none
DEB [20241101-14:42:06.579] thr=2   paramiko.transport: === End of kex handshake ===
DEB [20241101-14:42:06.582] thr=2   paramiko.transport: Resetting outbound seqno after NEWKEYS due to strict mode
DEB [20241101-14:42:06.582] thr=2   paramiko.transport: kex engine KexCurve25519 specified hash_algo <built-in function openssl_sha256>
DEB [20241101-14:42:08.898] thr=2   paramiko.transport: Switch to new keys ...
DEB [20241101-14:42:08.899] thr=2   paramiko.transport: Resetting inbound seqno after NEWKEYS due to strict mode
DEB [20241101-14:42:08.947] thr=2   paramiko.transport: Auth request (type=none) service=ssh-connection, username=username
INF [20241101-14:42:08.948] thr=2   paramiko.transport: Auth rejected (none).
DEB [20241101-14:42:10.982] thr=2   paramiko.transport: Auth request (type=password) service=ssh-connection, username=username
INF [20241101-14:42:10.983] thr=2   paramiko.transport: Auth granted (password).
DEB [20241101-14:42:10.985] thr=2   paramiko.transport: [chan 0] Max packet in: 32768 bytes
DEB [20241101-14:42:10.986] thr=2   paramiko.transport: [chan 0] Max packet out: 16384 bytes
DEB [20241101-14:42:10.987] thr=2   paramiko.transport: Secsh channel 0 (session) opened.
DEB [20241101-14:42:10.988] thr=2   paramiko.transport: [chan 0] EOF sent (0)
DEB [20241101-14:42:11.037] thr=2   paramiko.transport: EOF in transport thread
DEB [20241101-14:47:23.384] thr=1   paramiko.transport: starting thread (server mode): 0xf4d7d6c0
DEB [20241101-14:47:23.386] thr=1   paramiko.transport: Local version/idstring: SSH-2.0-paramiko_3.5.0
DEB [20241101-14:47:23.387] thr=1   paramiko.transport: Remote version/idstring: SSH-2.0-OpenSSH_9.6p1 Ubuntu-3ubuntu13.5
INF [20241101-14:47:23.387] thr=1   paramiko.transport: Connected (version 2.0, client OpenSSH_9.6p1)
DEB [20241101-14:47:23.390] thr=1   paramiko.transport: === Key exchange possibilities ===
DEB [20241101-14:47:23.390] thr=1   paramiko.transport: kex algos: sntrup761x25519-sha512@openssh.com, curve25519-sha256, curve25519-sha256@libssh.org, ecdh-sha2-nistp256, ecdh-sha2-nistp384, ecdh-sha2-nistp521, diffie-hellman-group-exchange-sha256, diffie-hellman-group16-sha512, diffie-hellman-group18-sha512, diffie-hellman-group14-sha256, ext-info-c, kex-strict-c-v00@openssh.com
DEB [20241101-14:47:23.391] thr=1   paramiko.transport: server key: rsa-sha2-512-cert-v01@openssh.com, rsa-sha2-256-cert-v01@openssh.com, rsa-sha2-512, rsa-sha2-256, ssh-ed25519-cert-v01@openssh.com, ecdsa-sha2-nistp256-cert-v01@openssh.com, ecdsa-sha2-nistp384-cert-v01@openssh.com, ecdsa-sha2-nistp521-cert-v01@openssh.com, sk-ssh-ed25519-cert-v01@openssh.com, sk-ecdsa-sha2-nistp256-cert-v01@openssh.com, ssh-ed25519, ecdsa-sha2-nistp256, ecdsa-sha2-nistp384, ecdsa-sha2-nistp521, sk-ssh-ed25519@openssh.com, sk-ecdsa-sha2-nistp256@openssh.com
DEB [20241101-14:47:23.392] thr=1   paramiko.transport: client encrypt: chacha20-poly1305@openssh.com, aes128-ctr, aes192-ctr, aes256-ctr, aes128-gcm@openssh.com, aes256-gcm@openssh.com
DEB [20241101-14:47:23.392] thr=1   paramiko.transport: server encrypt: chacha20-poly1305@openssh.com, aes128-ctr, aes192-ctr, aes256-ctr, aes128-gcm@openssh.com, aes256-gcm@openssh.com
DEB [20241101-14:47:23.393] thr=1   paramiko.transport: client mac: umac-64-etm@openssh.com, umac-128-etm@openssh.com, hmac-sha2-256-etm@openssh.com, hmac-sha2-512-etm@openssh.com, hmac-sha1-etm@openssh.com, umac-64@openssh.com, umac-128@openssh.com, hmac-sha2-256, hmac-sha2-512, hmac-sha1
DEB [20241101-14:47:23.393] thr=1   paramiko.transport: server mac: umac-64-etm@openssh.com, umac-128-etm@openssh.com, hmac-sha2-256-etm@openssh.com, hmac-sha2-512-etm@openssh.com, hmac-sha1-etm@openssh.com, umac-64@openssh.com, umac-128@openssh.com, hmac-sha2-256, hmac-sha2-512, hmac-sha1
DEB [20241101-14:47:23.394] thr=1   paramiko.transport: client compress: none, zlib@openssh.com, zlib
DEB [20241101-14:47:23.394] thr=1   paramiko.transport: server compress: none, zlib@openssh.com, zlib
DEB [20241101-14:47:23.394] thr=1   paramiko.transport: client lang: <none>
DEB [20241101-14:47:23.395] thr=1   paramiko.transport: server lang: <none>
DEB [20241101-14:47:23.395] thr=1   paramiko.transport: kex follows: False
DEB [20241101-14:47:23.396] thr=1   paramiko.transport: === Key exchange agreements ===
DEB [20241101-14:47:23.396] thr=1   paramiko.transport: Strict kex mode: True
DEB [20241101-14:47:23.397] thr=1   paramiko.transport: Kex: curve25519-sha256@libssh.org
DEB [20241101-14:47:23.397] thr=1   paramiko.transport: HostKey: rsa-sha2-512
DEB [20241101-14:47:23.397] thr=1   paramiko.transport: Cipher: aes128-ctr
DEB [20241101-14:47:23.398] thr=1   paramiko.transport: MAC: hmac-sha2-256-etm@openssh.com
DEB [20241101-14:47:23.398] thr=1   paramiko.transport: Compression: none
DEB [20241101-14:47:23.399] thr=1   paramiko.transport: === End of kex handshake ===
DEB [20241101-14:47:23.416] thr=1   paramiko.transport: Resetting outbound seqno after NEWKEYS due to strict mode
DEB [20241101-14:47:23.416] thr=1   paramiko.transport: kex engine KexCurve25519 specified hash_algo <built-in function openssl_sha256>
DEB [20241101-14:47:23.418] thr=1   paramiko.transport: EOF in transport thread
DEB [20241101-14:47:31.736] thr=2   paramiko.transport: starting thread (server mode): 0xf4d7e8f0
DEB [20241101-14:47:31.738] thr=2   paramiko.transport: Local version/idstring: SSH-2.0-paramiko_3.5.0
DEB [20241101-14:47:31.738] thr=2   paramiko.transport: Remote version/idstring: SSH-2.0-OpenSSH_9.6p1 Ubuntu-3ubuntu13.5
INF [20241101-14:47:31.739] thr=2   paramiko.transport: Connected (version 2.0, client OpenSSH_9.6p1)
DEB [20241101-14:47:31.741] thr=2   paramiko.transport: === Key exchange possibilities ===
DEB [20241101-14:47:31.742] thr=2   paramiko.transport: kex algos: sntrup761x25519-sha512@openssh.com, curve25519-sha256, curve25519-sha256@libssh.org, ecdh-sha2-nistp256, ecdh-sha2-nistp384, ecdh-sha2-nistp521, diffie-hellman-group-exchange-sha256, diffie-hellman-group16-sha512, diffie-hellman-group18-sha512, diffie-hellman-group14-sha256, ext-info-c, kex-strict-c-v00@openssh.com
DEB [20241101-14:47:31.742] thr=2   paramiko.transport: server key: ssh-ed25519-cert-v01@openssh.com, ecdsa-sha2-nistp256-cert-v01@openssh.com, ecdsa-sha2-nistp384-cert-v01@openssh.com, ecdsa-sha2-nistp521-cert-v01@openssh.com, sk-ssh-ed25519-cert-v01@openssh.com, sk-ecdsa-sha2-nistp256-cert-v01@openssh.com, rsa-sha2-512-cert-v01@openssh.com, rsa-sha2-256-cert-v01@openssh.com, ssh-ed25519, ecdsa-sha2-nistp256, ecdsa-sha2-nistp384, ecdsa-sha2-nistp521, sk-ssh-ed25519@openssh.com, sk-ecdsa-sha2-nistp256@openssh.com, rsa-sha2-512, rsa-sha2-256
DEB [20241101-14:47:31.743] thr=2   paramiko.transport: client encrypt: chacha20-poly1305@openssh.com, aes128-ctr, aes192-ctr, aes256-ctr, aes128-gcm@openssh.com, aes256-gcm@openssh.com
DEB [20241101-14:47:31.744] thr=2   paramiko.transport: server encrypt: chacha20-poly1305@openssh.com, aes128-ctr, aes192-ctr, aes256-ctr, aes128-gcm@openssh.com, aes256-gcm@openssh.com
DEB [20241101-14:47:31.745] thr=2   paramiko.transport: client mac: umac-64-etm@openssh.com, umac-128-etm@openssh.com, hmac-sha2-256-etm@openssh.com, hmac-sha2-512-etm@openssh.com, hmac-sha1-etm@openssh.com, umac-64@openssh.com, umac-128@openssh.com, hmac-sha2-256, hmac-sha2-512, hmac-sha1
DEB [20241101-14:47:31.745] thr=2   paramiko.transport: server mac: umac-64-etm@openssh.com, umac-128-etm@openssh.com, hmac-sha2-256-etm@openssh.com, hmac-sha2-512-etm@openssh.com, hmac-sha1-etm@openssh.com, umac-64@openssh.com, umac-128@openssh.com, hmac-sha2-256, hmac-sha2-512, hmac-sha1
DEB [20241101-14:47:31.745] thr=2   paramiko.transport: client compress: none, zlib@openssh.com, zlib
DEB [20241101-14:47:31.746] thr=2   paramiko.transport: server compress: none, zlib@openssh.com, zlib
DEB [20241101-14:47:31.746] thr=2   paramiko.transport: client lang: <none>
DEB [20241101-14:47:31.746] thr=2   paramiko.transport: server lang: <none>
DEB [20241101-14:47:31.747] thr=2   paramiko.transport: kex follows: False
DEB [20241101-14:47:31.747] thr=2   paramiko.transport: === Key exchange agreements ===
DEB [20241101-14:47:31.748] thr=2   paramiko.transport: Strict kex mode: True
DEB [20241101-14:47:31.748] thr=2   paramiko.transport: Kex: curve25519-sha256@libssh.org
DEB [20241101-14:47:31.749] thr=2   paramiko.transport: HostKey: rsa-sha2-512
DEB [20241101-14:47:31.749] thr=2   paramiko.transport: Cipher: aes128-ctr
DEB [20241101-14:47:31.750] thr=2   paramiko.transport: MAC: hmac-sha2-256-etm@openssh.com
DEB [20241101-14:47:31.750] thr=2   paramiko.transport: Compression: none
DEB [20241101-14:47:31.751] thr=2   paramiko.transport: === End of kex handshake ===
DEB [20241101-14:47:31.753] thr=2   paramiko.transport: Resetting outbound seqno after NEWKEYS due to strict mode
DEB [20241101-14:47:31.754] thr=2   paramiko.transport: kex engine KexCurve25519 specified hash_algo <built-in function openssl_sha256>
DEB [20241101-14:47:33.705] thr=2   paramiko.transport: Switch to new keys ...
DEB [20241101-14:47:33.707] thr=2   paramiko.transport: Resetting inbound seqno after NEWKEYS due to strict mode
DEB [20241101-14:47:33.756] thr=2   paramiko.transport: Auth request (type=none) service=ssh-connection, username=username
INF [20241101-14:47:33.757] thr=2   paramiko.transport: Auth rejected (none).
DEB [20241101-14:47:35.102] thr=2   paramiko.transport: Auth request (type=password) service=ssh-connection, username=username
INF [20241101-14:47:35.103] thr=2   paramiko.transport: Auth granted (password).
DEB [20241101-14:47:35.105] thr=2   paramiko.transport: [chan 0] Max packet in: 32768 bytes
DEB [20241101-14:47:35.106] thr=2   paramiko.transport: [chan 0] Max packet out: 16384 bytes
DEB [20241101-14:47:35.107] thr=2   paramiko.transport: Secsh channel 0 (session) opened.
DEB [20241101-14:47:35.157] thr=2   paramiko.transport: EOF in transport thread
DEB [20241101-14:49:32.219] thr=1   paramiko.transport: starting thread (server mode): 0x6b07d6c0
DEB [20241101-14:49:32.220] thr=1   paramiko.transport: Local version/idstring: SSH-2.0-paramiko_3.5.0
DEB [20241101-14:49:32.221] thr=1   paramiko.transport: Remote version/idstring: SSH-2.0-OpenSSH_9.6p1 Ubuntu-3ubuntu13.5
INF [20241101-14:49:32.221] thr=1   paramiko.transport: Connected (version 2.0, client OpenSSH_9.6p1)
DEB [20241101-14:49:32.223] thr=1   paramiko.transport: === Key exchange possibilities ===
DEB [20241101-14:49:32.224] thr=1   paramiko.transport: kex algos: sntrup761x25519-sha512@openssh.com, curve25519-sha256, curve25519-sha256@libssh.org, ecdh-sha2-nistp256, ecdh-sha2-nistp384, ecdh-sha2-nistp521, diffie-hellman-group-exchange-sha256, diffie-hellman-group16-sha512, diffie-hellman-group18-sha512, diffie-hellman-group14-sha256, ext-info-c, kex-strict-c-v00@openssh.com
DEB [20241101-14:49:32.224] thr=1   paramiko.transport: server key: ssh-ed25519-cert-v01@openssh.com, ecdsa-sha2-nistp256-cert-v01@openssh.com, ecdsa-sha2-nistp384-cert-v01@openssh.com, ecdsa-sha2-nistp521-cert-v01@openssh.com, sk-ssh-ed25519-cert-v01@openssh.com, sk-ecdsa-sha2-nistp256-cert-v01@openssh.com, rsa-sha2-512-cert-v01@openssh.com, rsa-sha2-256-cert-v01@openssh.com, ssh-ed25519, ecdsa-sha2-nistp256, ecdsa-sha2-nistp384, ecdsa-sha2-nistp521, sk-ssh-ed25519@openssh.com, sk-ecdsa-sha2-nistp256@openssh.com, rsa-sha2-512, rsa-sha2-256
DEB [20241101-14:49:32.225] thr=1   paramiko.transport: client encrypt: chacha20-poly1305@openssh.com, aes128-ctr, aes192-ctr, aes256-ctr, aes128-gcm@openssh.com, aes256-gcm@openssh.com
DEB [20241101-14:49:32.225] thr=1   paramiko.transport: server encrypt: chacha20-poly1305@openssh.com, aes128-ctr, aes192-ctr, aes256-ctr, aes128-gcm@openssh.com, aes256-gcm@openssh.com
DEB [20241101-14:49:32.226] thr=1   paramiko.transport: client mac: umac-64-etm@openssh.com, umac-128-etm@openssh.com, hmac-sha2-256-etm@openssh.com, hmac-sha2-512-etm@openssh.com, hmac-sha1-etm@openssh.com, umac-64@openssh.com, umac-128@openssh.com, hmac-sha2-256, hmac-sha2-512, hmac-sha1
DEB [20241101-14:49:32.227] thr=1   paramiko.transport: server mac: umac-64-etm@openssh.com, umac-128-etm@openssh.com, hmac-sha2-256-etm@openssh.com, hmac-sha2-512-etm@openssh.com, hmac-sha1-etm@openssh.com, umac-64@openssh.com, umac-128@openssh.com, hmac-sha2-256, hmac-sha2-512, hmac-sha1
DEB [20241101-14:49:32.228] thr=1   paramiko.transport: client compress: none, zlib@openssh.com, zlib
DEB [20241101-14:49:32.228] thr=1   paramiko.transport: server compress: none, zlib@openssh.com, zlib
DEB [20241101-14:49:32.229] thr=1   paramiko.transport: client lang: <none>
DEB [20241101-14:49:32.230] thr=1   paramiko.transport: server lang: <none>
DEB [20241101-14:49:32.230] thr=1   paramiko.transport: kex follows: False
DEB [20241101-14:49:32.230] thr=1   paramiko.transport: === Key exchange agreements ===
DEB [20241101-14:49:32.231] thr=1   paramiko.transport: Strict kex mode: True
DEB [20241101-14:49:32.231] thr=1   paramiko.transport: Kex: curve25519-sha256@libssh.org
DEB [20241101-14:49:32.232] thr=1   paramiko.transport: HostKey: rsa-sha2-512
DEB [20241101-14:49:32.232] thr=1   paramiko.transport: Cipher: aes128-ctr
DEB [20241101-14:49:32.233] thr=1   paramiko.transport: MAC: hmac-sha2-256-etm@openssh.com
DEB [20241101-14:49:32.233] thr=1   paramiko.transport: Compression: none
DEB [20241101-14:49:32.233] thr=1   paramiko.transport: === End of kex handshake ===
DEB [20241101-14:49:32.254] thr=1   paramiko.transport: Resetting outbound seqno after NEWKEYS due to strict mode
DEB [20241101-14:49:32.254] thr=1   paramiko.transport: kex engine KexCurve25519 specified hash_algo <built-in function openssl_sha256>
DEB [20241101-14:49:34.505] thr=1   paramiko.transport: Switch to new keys ...
DEB [20241101-14:49:34.507] thr=1   paramiko.transport: Resetting inbound seqno after NEWKEYS due to strict mode
DEB [20241101-14:49:34.553] thr=1   paramiko.transport: Auth request (type=none) service=ssh-connection, username=username
INF [20241101-14:49:34.554] thr=1   paramiko.transport: Auth rejected (none).
DEB [20241101-14:49:38.018] thr=1   paramiko.transport: Auth request (type=password) service=ssh-connection, username=username
INF [20241101-14:49:38.019] thr=1   paramiko.transport: Auth granted (password).
DEB [20241101-14:49:38.020] thr=1   paramiko.transport: [chan 0] Max packet in: 32768 bytes
DEB [20241101-14:49:38.021] thr=1   paramiko.transport: [chan 0] Max packet out: 16384 bytes
DEB [20241101-14:49:38.022] thr=1   paramiko.transport: Secsh channel 0 (session) opened.
DEB [20241101-14:49:38.074] thr=1   paramiko.transport: EOF in transport thread
DEB [20241101-14:50:58.314] thr=1   paramiko.transport: starting thread (server mode): 0xf74ed6c0
DEB [20241101-14:50:58.315] thr=1   paramiko.transport: Local version/idstring: SSH-2.0-paramiko_3.5.0
DEB [20241101-14:50:58.316] thr=1   paramiko.transport: Remote version/idstring: SSH-2.0-OpenSSH_9.6p1 Ubuntu-3ubuntu13.5
INF [20241101-14:50:58.316] thr=1   paramiko.transport: Connected (version 2.0, client OpenSSH_9.6p1)
DEB [20241101-14:50:58.318] thr=1   paramiko.transport: === Key exchange possibilities ===
DEB [20241101-14:50:58.319] thr=1   paramiko.transport: kex algos: sntrup761x25519-sha512@openssh.com, curve25519-sha256, curve25519-sha256@libssh.org, ecdh-sha2-nistp256, ecdh-sha2-nistp384, ecdh-sha2-nistp521, diffie-hellman-group-exchange-sha256, diffie-hellman-group16-sha512, diffie-hellman-group18-sha512, diffie-hellman-group14-sha256, ext-info-c, kex-strict-c-v00@openssh.com
DEB [20241101-14:50:58.320] thr=1   paramiko.transport: server key: ssh-ed25519-cert-v01@openssh.com, ecdsa-sha2-nistp256-cert-v01@openssh.com, ecdsa-sha2-nistp384-cert-v01@openssh.com, ecdsa-sha2-nistp521-cert-v01@openssh.com, sk-ssh-ed25519-cert-v01@openssh.com, sk-ecdsa-sha2-nistp256-cert-v01@openssh.com, rsa-sha2-512-cert-v01@openssh.com, rsa-sha2-256-cert-v01@openssh.com, ssh-ed25519, ecdsa-sha2-nistp256, ecdsa-sha2-nistp384, ecdsa-sha2-nistp521, sk-ssh-ed25519@openssh.com, sk-ecdsa-sha2-nistp256@openssh.com, rsa-sha2-512, rsa-sha2-256
DEB [20241101-14:50:58.321] thr=1   paramiko.transport: client encrypt: chacha20-poly1305@openssh.com, aes128-ctr, aes192-ctr, aes256-ctr, aes128-gcm@openssh.com, aes256-gcm@openssh.com
DEB [20241101-14:50:58.321] thr=1   paramiko.transport: server encrypt: chacha20-poly1305@openssh.com, aes128-ctr, aes192-ctr, aes256-ctr, aes128-gcm@openssh.com, aes256-gcm@openssh.com
DEB [20241101-14:50:58.322] thr=1   paramiko.transport: client mac: umac-64-etm@openssh.com, umac-128-etm@openssh.com, hmac-sha2-256-etm@openssh.com, hmac-sha2-512-etm@openssh.com, hmac-sha1-etm@openssh.com, umac-64@openssh.com, umac-128@openssh.com, hmac-sha2-256, hmac-sha2-512, hmac-sha1
DEB [20241101-14:50:58.322] thr=1   paramiko.transport: server mac: umac-64-etm@openssh.com, umac-128-etm@openssh.com, hmac-sha2-256-etm@openssh.com, hmac-sha2-512-etm@openssh.com, hmac-sha1-etm@openssh.com, umac-64@openssh.com, umac-128@openssh.com, hmac-sha2-256, hmac-sha2-512, hmac-sha1
DEB [20241101-14:50:58.323] thr=1   paramiko.transport: client compress: none, zlib@openssh.com, zlib
DEB [20241101-14:50:58.323] thr=1   paramiko.transport: server compress: none, zlib@openssh.com, zlib
DEB [20241101-14:50:58.323] thr=1   paramiko.transport: client lang: <none>
DEB [20241101-14:50:58.324] thr=1   paramiko.transport: server lang: <none>
DEB [20241101-14:50:58.324] thr=1   paramiko.transport: kex follows: False
DEB [20241101-14:50:58.324] thr=1   paramiko.transport: === Key exchange agreements ===
DEB [20241101-14:50:58.325] thr=1   paramiko.transport: Strict kex mode: True
DEB [20241101-14:50:58.325] thr=1   paramiko.transport: Kex: curve25519-sha256@libssh.org
DEB [20241101-14:50:58.325] thr=1   paramiko.transport: HostKey: rsa-sha2-512
DEB [20241101-14:50:58.326] thr=1   paramiko.transport: Cipher: aes128-ctr
DEB [20241101-14:50:58.327] thr=1   paramiko.transport: MAC: hmac-sha2-256-etm@openssh.com
DEB [20241101-14:50:58.327] thr=1   paramiko.transport: Compression: none
DEB [20241101-14:50:58.327] thr=1   paramiko.transport: === End of kex handshake ===
DEB [20241101-14:50:58.350] thr=1   paramiko.transport: Resetting outbound seqno after NEWKEYS due to strict mode
DEB [20241101-14:50:58.350] thr=1   paramiko.transport: kex engine KexCurve25519 specified hash_algo <built-in function openssl_sha256>
DEB [20241101-14:51:06.445] thr=1   paramiko.transport: Switch to new keys ...
DEB [20241101-14:51:06.446] thr=1   paramiko.transport: Resetting inbound seqno after NEWKEYS due to strict mode
DEB [20241101-14:51:06.498] thr=1   paramiko.transport: Auth request (type=none) service=ssh-connection, username=username
INF [20241101-14:51:06.498] thr=1   paramiko.transport: Auth rejected (none).
DEB [20241101-14:51:18.505] thr=1   paramiko.transport: Auth request (type=password) service=ssh-connection, username=username
INF [20241101-14:51:18.506] thr=1   paramiko.transport: Auth granted (password).
DEB [20241101-14:51:18.508] thr=1   paramiko.transport: [chan 0] Max packet in: 32768 bytes
DEB [20241101-14:51:18.509] thr=1   paramiko.transport: [chan 0] Max packet out: 16384 bytes
DEB [20241101-14:51:18.509] thr=1   paramiko.transport: Secsh channel 0 (session) opened.
DEB [20241101-14:51:18.553] thr=1   paramiko.transport: EOF in transport thread
DEB [20241101-15:14:37.492] thr=1   paramiko.transport: starting thread (server mode): 0xfbac1600
DEB [20241101-15:14:37.495] thr=1   paramiko.transport: Local version/idstring: SSH-2.0-paramiko_3.5.0
DEB [20241101-15:14:37.496] thr=1   paramiko.transport: Remote version/idstring: SSH-2.0-OpenSSH_9.6p1 Ubuntu-3ubuntu13.5
INF [20241101-15:14:37.498] thr=1   paramiko.transport: Connected (version 2.0, client OpenSSH_9.6p1)
DEB [20241101-15:14:37.500] thr=1   paramiko.transport: === Key exchange possibilities ===
DEB [20241101-15:14:37.501] thr=1   paramiko.transport: kex algos: sntrup761x25519-sha512@openssh.com, curve25519-sha256, curve25519-sha256@libssh.org, ecdh-sha2-nistp256, ecdh-sha2-nistp384, ecdh-sha2-nistp521, diffie-hellman-group-exchange-sha256, diffie-hellman-group16-sha512, diffie-hellman-group18-sha512, diffie-hellman-group14-sha256, ext-info-c, kex-strict-c-v00@openssh.com
DEB [20241101-15:14:37.502] thr=1   paramiko.transport: server key: rsa-sha2-512-cert-v01@openssh.com, rsa-sha2-256-cert-v01@openssh.com, rsa-sha2-512, rsa-sha2-256, ssh-ed25519-cert-v01@openssh.com, ecdsa-sha2-nistp256-cert-v01@openssh.com, ecdsa-sha2-nistp384-cert-v01@openssh.com, ecdsa-sha2-nistp521-cert-v01@openssh.com, sk-ssh-ed25519-cert-v01@openssh.com, sk-ecdsa-sha2-nistp256-cert-v01@openssh.com, ssh-ed25519, ecdsa-sha2-nistp256, ecdsa-sha2-nistp384, ecdsa-sha2-nistp521, sk-ssh-ed25519@openssh.com, sk-ecdsa-sha2-nistp256@openssh.com
DEB [20241101-15:14:37.502] thr=1   paramiko.transport: client encrypt: chacha20-poly1305@openssh.com, aes128-ctr, aes192-ctr, aes256-ctr, aes128-gcm@openssh.com, aes256-gcm@openssh.com
DEB [20241101-15:14:37.503] thr=1   paramiko.transport: server encrypt: chacha20-poly1305@openssh.com, aes128-ctr, aes192-ctr, aes256-ctr, aes128-gcm@openssh.com, aes256-gcm@openssh.com
DEB [20241101-15:14:37.503] thr=1   paramiko.transport: client mac: umac-64-etm@openssh.com, umac-128-etm@openssh.com, hmac-sha2-256-etm@openssh.com, hmac-sha2-512-etm@openssh.com, hmac-sha1-etm@openssh.com, umac-64@openssh.com, umac-128@openssh.com, hmac-sha2-256, hmac-sha2-512, hmac-sha1
DEB [20241101-15:14:37.504] thr=1   paramiko.transport: server mac: umac-64-etm@openssh.com, umac-128-etm@openssh.com, hmac-sha2-256-etm@openssh.com, hmac-sha2-512-etm@openssh.com, hmac-sha1-etm@openssh.com, umac-64@openssh.com, umac-128@openssh.com, hmac-sha2-256, hmac-sha2-512, hmac-sha1
DEB [20241101-15:14:37.505] thr=1   paramiko.transport: client compress: none, zlib@openssh.com, zlib
DEB [20241101-15:14:37.505] thr=1   paramiko.transport: server compress: none, zlib@openssh.com, zlib
DEB [20241101-15:14:37.506] thr=1   paramiko.transport: client lang: <none>
DEB [20241101-15:14:37.506] thr=1   paramiko.transport: server lang: <none>
DEB [20241101-15:14:37.507] thr=1   paramiko.transport: kex follows: False
DEB [20241101-15:14:37.507] thr=1   paramiko.transport: === Key exchange agreements ===
DEB [20241101-15:14:37.508] thr=1   paramiko.transport: Strict kex mode: True
DEB [20241101-15:14:37.509] thr=1   paramiko.transport: Kex: curve25519-sha256@libssh.org
DEB [20241101-15:14:37.509] thr=1   paramiko.transport: HostKey: rsa-sha2-512
DEB [20241101-15:14:37.510] thr=1   paramiko.transport: Cipher: aes128-ctr
DEB [20241101-15:14:37.510] thr=1   paramiko.transport: MAC: hmac-sha2-256-etm@openssh.com
DEB [20241101-15:14:37.511] thr=1   paramiko.transport: Compression: none
DEB [20241101-15:14:37.512] thr=1   paramiko.transport: === End of kex handshake ===
DEB [20241101-15:14:37.554] thr=1   paramiko.transport: Resetting outbound seqno after NEWKEYS due to strict mode
DEB [20241101-15:14:37.555] thr=1   paramiko.transport: kex engine KexCurve25519 specified hash_algo <built-in function openssl_sha256>
DEB [20241101-15:14:37.557] thr=1   paramiko.transport: EOF in transport thread
DEB [20241101-15:15:59.409] thr=2   paramiko.transport: starting thread (server mode): 0xfbac2830
DEB [20241101-15:15:59.411] thr=2   paramiko.transport: Local version/idstring: SSH-2.0-paramiko_3.5.0
DEB [20241101-15:15:59.412] thr=2   paramiko.transport: Remote version/idstring: SSH-2.0-OpenSSH_9.6p1 Ubuntu-3ubuntu13.5
INF [20241101-15:15:59.413] thr=2   paramiko.transport: Connected (version 2.0, client OpenSSH_9.6p1)
DEB [20241101-15:15:59.415] thr=2   paramiko.transport: === Key exchange possibilities ===
DEB [20241101-15:15:59.416] thr=2   paramiko.transport: kex algos: sntrup761x25519-sha512@openssh.com, curve25519-sha256, curve25519-sha256@libssh.org, ecdh-sha2-nistp256, ecdh-sha2-nistp384, ecdh-sha2-nistp521, diffie-hellman-group-exchange-sha256, diffie-hellman-group16-sha512, diffie-hellman-group18-sha512, diffie-hellman-group14-sha256, ext-info-c, kex-strict-c-v00@openssh.com
DEB [20241101-15:15:59.417] thr=2   paramiko.transport: server key: ssh-ed25519-cert-v01@openssh.com, ecdsa-sha2-nistp256-cert-v01@openssh.com, ecdsa-sha2-nistp384-cert-v01@openssh.com, ecdsa-sha2-nistp521-cert-v01@openssh.com, sk-ssh-ed25519-cert-v01@openssh.com, sk-ecdsa-sha2-nistp256-cert-v01@openssh.com, rsa-sha2-512-cert-v01@openssh.com, rsa-sha2-256-cert-v01@openssh.com, ssh-ed25519, ecdsa-sha2-nistp256, ecdsa-sha2-nistp384, ecdsa-sha2-nistp521, sk-ssh-ed25519@openssh.com, sk-ecdsa-sha2-nistp256@openssh.com, rsa-sha2-512, rsa-sha2-256
DEB [20241101-15:15:59.417] thr=2   paramiko.transport: client encrypt: chacha20-poly1305@openssh.com, aes128-ctr, aes192-ctr, aes256-ctr, aes128-gcm@openssh.com, aes256-gcm@openssh.com
DEB [20241101-15:15:59.418] thr=2   paramiko.transport: server encrypt: chacha20-poly1305@openssh.com, aes128-ctr, aes192-ctr, aes256-ctr, aes128-gcm@openssh.com, aes256-gcm@openssh.com
DEB [20241101-15:15:59.418] thr=2   paramiko.transport: client mac: umac-64-etm@openssh.com, umac-128-etm@openssh.com, hmac-sha2-256-etm@openssh.com, hmac-sha2-512-etm@openssh.com, hmac-sha1-etm@openssh.com, umac-64@openssh.com, umac-128@openssh.com, hmac-sha2-256, hmac-sha2-512, hmac-sha1
DEB [20241101-15:15:59.422] thr=2   paramiko.transport: server mac: umac-64-etm@openssh.com, umac-128-etm@openssh.com, hmac-sha2-256-etm@openssh.com, hmac-sha2-512-etm@openssh.com, hmac-sha1-etm@openssh.com, umac-64@openssh.com, umac-128@openssh.com, hmac-sha2-256, hmac-sha2-512, hmac-sha1
DEB [20241101-15:15:59.422] thr=2   paramiko.transport: client compress: none, zlib@openssh.com, zlib
DEB [20241101-15:15:59.423] thr=2   paramiko.transport: server compress: none, zlib@openssh.com, zlib
DEB [20241101-15:15:59.424] thr=2   paramiko.transport: client lang: <none>
DEB [20241101-15:15:59.425] thr=2   paramiko.transport: server lang: <none>
DEB [20241101-15:15:59.426] thr=2   paramiko.transport: kex follows: False
DEB [20241101-15:15:59.426] thr=2   paramiko.transport: === Key exchange agreements ===
DEB [20241101-15:15:59.427] thr=2   paramiko.transport: Strict kex mode: True
DEB [20241101-15:15:59.427] thr=2   paramiko.transport: Kex: curve25519-sha256@libssh.org
DEB [20241101-15:15:59.428] thr=2   paramiko.transport: HostKey: rsa-sha2-512
DEB [20241101-15:15:59.428] thr=2   paramiko.transport: Cipher: aes128-ctr
DEB [20241101-15:15:59.429] thr=2   paramiko.transport: MAC: hmac-sha2-256-etm@openssh.com
DEB [20241101-15:15:59.430] thr=2   paramiko.transport: Compression: none
DEB [20241101-15:15:59.431] thr=2   paramiko.transport: === End of kex handshake ===
DEB [20241101-15:15:59.434] thr=2   paramiko.transport: Resetting outbound seqno after NEWKEYS due to strict mode
DEB [20241101-15:15:59.438] thr=2   paramiko.transport: kex engine KexCurve25519 specified hash_algo <built-in function openssl_sha256>
DEB [20241101-15:16:02.088] thr=2   paramiko.transport: Switch to new keys ...
DEB [20241101-15:16:02.089] thr=2   paramiko.transport: Resetting inbound seqno after NEWKEYS due to strict mode
DEB [20241101-15:16:02.135] thr=2   paramiko.transport: Auth request (type=none) service=ssh-connection, username=username
INF [20241101-15:16:02.136] thr=2   paramiko.transport: Auth rejected (none).
DEB [20241101-15:16:04.270] thr=2   paramiko.transport: Auth request (type=password) service=ssh-connection, username=username
INF [20241101-15:16:04.271] thr=2   paramiko.transport: Auth granted (password).
DEB [20241101-15:16:04.273] thr=2   paramiko.transport: [chan 0] Max packet in: 32768 bytes
DEB [20241101-15:16:04.274] thr=2   paramiko.transport: [chan 0] Max packet out: 16384 bytes
DEB [20241101-15:16:04.275] thr=2   paramiko.transport: Secsh channel 0 (session) opened.
DEB [20241101-15:16:04.325] thr=2   paramiko.transport: EOF in transport thread
DEB [20241101-15:16:40.431] thr=1   paramiko.transport: starting thread (server mode): 0xa4e51450
DEB [20241101-15:16:40.432] thr=1   paramiko.transport: Local version/idstring: SSH-2.0-paramiko_3.5.0
DEB [20241101-15:16:40.433] thr=1   paramiko.transport: Remote version/idstring: SSH-2.0-OpenSSH_9.6p1 Ubuntu-3ubuntu13.5
INF [20241101-15:16:40.434] thr=1   paramiko.transport: Connected (version 2.0, client OpenSSH_9.6p1)
DEB [20241101-15:16:40.436] thr=1   paramiko.transport: === Key exchange possibilities ===
DEB [20241101-15:16:40.437] thr=1   paramiko.transport: kex algos: sntrup761x25519-sha512@openssh.com, curve25519-sha256, curve25519-sha256@libssh.org, ecdh-sha2-nistp256, ecdh-sha2-nistp384, ecdh-sha2-nistp521, diffie-hellman-group-exchange-sha256, diffie-hellman-group16-sha512, diffie-hellman-group18-sha512, diffie-hellman-group14-sha256, ext-info-c, kex-strict-c-v00@openssh.com
DEB [20241101-15:16:40.437] thr=1   paramiko.transport: server key: ssh-ed25519-cert-v01@openssh.com, ecdsa-sha2-nistp256-cert-v01@openssh.com, ecdsa-sha2-nistp384-cert-v01@openssh.com, ecdsa-sha2-nistp521-cert-v01@openssh.com, sk-ssh-ed25519-cert-v01@openssh.com, sk-ecdsa-sha2-nistp256-cert-v01@openssh.com, rsa-sha2-512-cert-v01@openssh.com, rsa-sha2-256-cert-v01@openssh.com, ssh-ed25519, ecdsa-sha2-nistp256, ecdsa-sha2-nistp384, ecdsa-sha2-nistp521, sk-ssh-ed25519@openssh.com, sk-ecdsa-sha2-nistp256@openssh.com, rsa-sha2-512, rsa-sha2-256
DEB [20241101-15:16:40.438] thr=1   paramiko.transport: client encrypt: chacha20-poly1305@openssh.com, aes128-ctr, aes192-ctr, aes256-ctr, aes128-gcm@openssh.com, aes256-gcm@openssh.com
DEB [20241101-15:16:40.439] thr=1   paramiko.transport: server encrypt: chacha20-poly1305@openssh.com, aes128-ctr, aes192-ctr, aes256-ctr, aes128-gcm@openssh.com, aes256-gcm@openssh.com
DEB [20241101-15:16:40.439] thr=1   paramiko.transport: client mac: umac-64-etm@openssh.com, umac-128-etm@openssh.com, hmac-sha2-256-etm@openssh.com, hmac-sha2-512-etm@openssh.com, hmac-sha1-etm@openssh.com, umac-64@openssh.com, umac-128@openssh.com, hmac-sha2-256, hmac-sha2-512, hmac-sha1
DEB [20241101-15:16:40.440] thr=1   paramiko.transport: server mac: umac-64-etm@openssh.com, umac-128-etm@openssh.com, hmac-sha2-256-etm@openssh.com, hmac-sha2-512-etm@openssh.com, hmac-sha1-etm@openssh.com, umac-64@openssh.com, umac-128@openssh.com, hmac-sha2-256, hmac-sha2-512, hmac-sha1
DEB [20241101-15:16:40.441] thr=1   paramiko.transport: client compress: none, zlib@openssh.com, zlib
DEB [20241101-15:16:40.441] thr=1   paramiko.transport: server compress: none, zlib@openssh.com, zlib
DEB [20241101-15:16:40.442] thr=1   paramiko.transport: client lang: <none>
DEB [20241101-15:16:40.443] thr=1   paramiko.transport: server lang: <none>
DEB [20241101-15:16:40.443] thr=1   paramiko.transport: kex follows: False
DEB [20241101-15:16:40.444] thr=1   paramiko.transport: === Key exchange agreements ===
DEB [20241101-15:16:40.444] thr=1   paramiko.transport: Strict kex mode: True
DEB [20241101-15:16:40.445] thr=1   paramiko.transport: Kex: curve25519-sha256@libssh.org
DEB [20241101-15:16:40.445] thr=1   paramiko.transport: HostKey: rsa-sha2-512
DEB [20241101-15:16:40.446] thr=1   paramiko.transport: Cipher: aes128-ctr
DEB [20241101-15:16:40.446] thr=1   paramiko.transport: MAC: hmac-sha2-256-etm@openssh.com
DEB [20241101-15:16:40.447] thr=1   paramiko.transport: Compression: none
DEB [20241101-15:16:40.448] thr=1   paramiko.transport: === End of kex handshake ===
DEB [20241101-15:16:40.477] thr=1   paramiko.transport: Resetting outbound seqno after NEWKEYS due to strict mode
DEB [20241101-15:16:40.478] thr=1   paramiko.transport: kex engine KexCurve25519 specified hash_algo <built-in function openssl_sha256>
DEB [20241101-15:16:43.241] thr=1   paramiko.transport: Switch to new keys ...
DEB [20241101-15:16:43.242] thr=1   paramiko.transport: Resetting inbound seqno after NEWKEYS due to strict mode
DEB [20241101-15:16:43.285] thr=1   paramiko.transport: Auth request (type=none) service=ssh-connection, username=username
INF [20241101-15:16:43.286] thr=1   paramiko.transport: Auth rejected (none).
DEB [20241101-15:16:46.928] thr=1   paramiko.transport: Auth request (type=password) service=ssh-connection, username=username
INF [20241101-15:16:46.929] thr=1   paramiko.transport: Auth granted (password).
DEB [20241101-15:16:46.931] thr=1   paramiko.transport: [chan 0] Max packet in: 32768 bytes
DEB [20241101-15:16:46.933] thr=1   paramiko.transport: [chan 0] Max packet out: 16384 bytes
DEB [20241101-15:16:46.934] thr=1   paramiko.transport: Secsh channel 0 (session) opened.
DEB [20241101-15:16:46.985] thr=1   paramiko.transport: EOF in transport thread
DEB [20241101-15:20:22.849] thr=1   paramiko.transport: starting thread (server mode): 0xc891ba60
DEB [20241101-15:20:22.851] thr=1   paramiko.transport: Local version/idstring: SSH-2.0-paramiko_3.5.0
DEB [20241101-15:20:22.852] thr=1   paramiko.transport: Remote version/idstring: SSH-2.0-OpenSSH_9.6p1 Ubuntu-3ubuntu13.5
INF [20241101-15:20:22.853] thr=1   paramiko.transport: Connected (version 2.0, client OpenSSH_9.6p1)
DEB [20241101-15:20:22.857] thr=1   paramiko.transport: === Key exchange possibilities ===
DEB [20241101-15:20:22.857] thr=1   paramiko.transport: kex algos: sntrup761x25519-sha512@openssh.com, curve25519-sha256, curve25519-sha256@libssh.org, ecdh-sha2-nistp256, ecdh-sha2-nistp384, ecdh-sha2-nistp521, diffie-hellman-group-exchange-sha256, diffie-hellman-group16-sha512, diffie-hellman-group18-sha512, diffie-hellman-group14-sha256, ext-info-c, kex-strict-c-v00@openssh.com
DEB [20241101-15:20:22.858] thr=1   paramiko.transport: server key: ssh-ed25519-cert-v01@openssh.com, ecdsa-sha2-nistp256-cert-v01@openssh.com, ecdsa-sha2-nistp384-cert-v01@openssh.com, ecdsa-sha2-nistp521-cert-v01@openssh.com, sk-ssh-ed25519-cert-v01@openssh.com, sk-ecdsa-sha2-nistp256-cert-v01@openssh.com, rsa-sha2-512-cert-v01@openssh.com, rsa-sha2-256-cert-v01@openssh.com, ssh-ed25519, ecdsa-sha2-nistp256, ecdsa-sha2-nistp384, ecdsa-sha2-nistp521, sk-ssh-ed25519@openssh.com, sk-ecdsa-sha2-nistp256@openssh.com, rsa-sha2-512, rsa-sha2-256
DEB [20241101-15:20:22.859] thr=1   paramiko.transport: client encrypt: chacha20-poly1305@openssh.com, aes128-ctr, aes192-ctr, aes256-ctr, aes128-gcm@openssh.com, aes256-gcm@openssh.com
DEB [20241101-15:20:22.859] thr=1   paramiko.transport: server encrypt: chacha20-poly1305@openssh.com, aes128-ctr, aes192-ctr, aes256-ctr, aes128-gcm@openssh.com, aes256-gcm@openssh.com
DEB [20241101-15:20:22.859] thr=1   paramiko.transport: client mac: umac-64-etm@openssh.com, umac-128-etm@openssh.com, hmac-sha2-256-etm@openssh.com, hmac-sha2-512-etm@openssh.com, hmac-sha1-etm@openssh.com, umac-64@openssh.com, umac-128@openssh.com, hmac-sha2-256, hmac-sha2-512, hmac-sha1
DEB [20241101-15:20:22.860] thr=1   paramiko.transport: server mac: umac-64-etm@openssh.com, umac-128-etm@openssh.com, hmac-sha2-256-etm@openssh.com, hmac-sha2-512-etm@openssh.com, hmac-sha1-etm@openssh.com, umac-64@openssh.com, umac-128@openssh.com, hmac-sha2-256, hmac-sha2-512, hmac-sha1
DEB [20241101-15:20:22.860] thr=1   paramiko.transport: client compress: none, zlib@openssh.com, zlib
DEB [20241101-15:20:22.861] thr=1   paramiko.transport: server compress: none, zlib@openssh.com, zlib
DEB [20241101-15:20:22.862] thr=1   paramiko.transport: client lang: <none>
DEB [20241101-15:20:22.862] thr=1   paramiko.transport: server lang: <none>
DEB [20241101-15:20:22.863] thr=1   paramiko.transport: kex follows: False
DEB [20241101-15:20:22.863] thr=1   paramiko.transport: === Key exchange agreements ===
DEB [20241101-15:20:22.864] thr=1   paramiko.transport: Strict kex mode: True
DEB [20241101-15:20:22.864] thr=1   paramiko.transport: Kex: curve25519-sha256@libssh.org
DEB [20241101-15:20:22.865] thr=1   paramiko.transport: HostKey: rsa-sha2-512
DEB [20241101-15:20:22.865] thr=1   paramiko.transport: Cipher: aes128-ctr
DEB [20241101-15:20:22.866] thr=1   paramiko.transport: MAC: hmac-sha2-256-etm@openssh.com
DEB [20241101-15:20:22.867] thr=1   paramiko.transport: Compression: none
DEB [20241101-15:20:22.869] thr=1   paramiko.transport: === End of kex handshake ===
DEB [20241101-15:20:22.897] thr=1   paramiko.transport: Resetting outbound seqno after NEWKEYS due to strict mode
DEB [20241101-15:20:22.898] thr=1   paramiko.transport: kex engine KexCurve25519 specified hash_algo <built-in function openssl_sha256>
DEB [20241101-15:20:26.209] thr=1   paramiko.transport: Switch to new keys ...
DEB [20241101-15:20:26.210] thr=1   paramiko.transport: Resetting inbound seqno after NEWKEYS due to strict mode
DEB [20241101-15:20:26.255] thr=1   paramiko.transport: Auth request (type=none) service=ssh-connection, username=username
INF [20241101-15:20:26.256] thr=1   paramiko.transport: Auth rejected (none).
DEB [20241101-15:20:29.707] thr=1   paramiko.transport: Auth request (type=password) service=ssh-connection, username=username
INF [20241101-15:20:29.708] thr=1   paramiko.transport: Auth granted (password).
DEB [20241101-15:20:29.711] thr=1   paramiko.transport: [chan 0] Max packet in: 32768 bytes
DEB [20241101-15:20:29.712] thr=1   paramiko.transport: [chan 0] Max packet out: 16384 bytes
DEB [20241101-15:20:29.713] thr=1   paramiko.transport: Secsh channel 0 (session) opened.
DEB [20241101-15:25:12.695] thr=1   paramiko.transport: starting thread (server mode): 0x3847d4b0
DEB [20241101-15:25:12.696] thr=1   paramiko.transport: Local version/idstring: SSH-2.0-paramiko_3.5.0
DEB [20241101-15:25:12.697] thr=1   paramiko.transport: Remote version/idstring: SSH-2.0-OpenSSH_9.6p1 Ubuntu-3ubuntu13.5
INF [20241101-15:25:12.698] thr=1   paramiko.transport: Connected (version 2.0, client OpenSSH_9.6p1)
DEB [20241101-15:25:12.701] thr=1   paramiko.transport: === Key exchange possibilities ===
DEB [20241101-15:25:12.703] thr=1   paramiko.transport: kex algos: sntrup761x25519-sha512@openssh.com, curve25519-sha256, curve25519-sha256@libssh.org, ecdh-sha2-nistp256, ecdh-sha2-nistp384, ecdh-sha2-nistp521, diffie-hellman-group-exchange-sha256, diffie-hellman-group16-sha512, diffie-hellman-group18-sha512, diffie-hellman-group14-sha256, ext-info-c, kex-strict-c-v00@openssh.com
DEB [20241101-15:25:12.704] thr=1   paramiko.transport: server key: ssh-ed25519-cert-v01@openssh.com, ecdsa-sha2-nistp256-cert-v01@openssh.com, ecdsa-sha2-nistp384-cert-v01@openssh.com, ecdsa-sha2-nistp521-cert-v01@openssh.com, sk-ssh-ed25519-cert-v01@openssh.com, sk-ecdsa-sha2-nistp256-cert-v01@openssh.com, rsa-sha2-512-cert-v01@openssh.com, rsa-sha2-256-cert-v01@openssh.com, ssh-ed25519, ecdsa-sha2-nistp256, ecdsa-sha2-nistp384, ecdsa-sha2-nistp521, sk-ssh-ed25519@openssh.com, sk-ecdsa-sha2-nistp256@openssh.com, rsa-sha2-512, rsa-sha2-256
DEB [20241101-15:25:12.705] thr=1   paramiko.transport: client encrypt: chacha20-poly1305@openssh.com, aes128-ctr, aes192-ctr, aes256-ctr, aes128-gcm@openssh.com, aes256-gcm@openssh.com
DEB [20241101-15:25:12.705] thr=1   paramiko.transport: server encrypt: chacha20-poly1305@openssh.com, aes128-ctr, aes192-ctr, aes256-ctr, aes128-gcm@openssh.com, aes256-gcm@openssh.com
DEB [20241101-15:25:12.706] thr=1   paramiko.transport: client mac: umac-64-etm@openssh.com, umac-128-etm@openssh.com, hmac-sha2-256-etm@openssh.com, hmac-sha2-512-etm@openssh.com, hmac-sha1-etm@openssh.com, umac-64@openssh.com, umac-128@openssh.com, hmac-sha2-256, hmac-sha2-512, hmac-sha1
DEB [20241101-15:25:12.706] thr=1   paramiko.transport: server mac: umac-64-etm@openssh.com, umac-128-etm@openssh.com, hmac-sha2-256-etm@openssh.com, hmac-sha2-512-etm@openssh.com, hmac-sha1-etm@openssh.com, umac-64@openssh.com, umac-128@openssh.com, hmac-sha2-256, hmac-sha2-512, hmac-sha1
DEB [20241101-15:25:12.707] thr=1   paramiko.transport: client compress: none, zlib@openssh.com, zlib
DEB [20241101-15:25:12.708] thr=1   paramiko.transport: server compress: none, zlib@openssh.com, zlib
DEB [20241101-15:25:12.708] thr=1   paramiko.transport: client lang: <none>
DEB [20241101-15:25:12.709] thr=1   paramiko.transport: server lang: <none>
DEB [20241101-15:25:12.709] thr=1   paramiko.transport: kex follows: False
DEB [20241101-15:25:12.710] thr=1   paramiko.transport: === Key exchange agreements ===
DEB [20241101-15:25:12.711] thr=1   paramiko.transport: Strict kex mode: True
DEB [20241101-15:25:12.711] thr=1   paramiko.transport: Kex: curve25519-sha256@libssh.org
DEB [20241101-15:25:12.712] thr=1   paramiko.transport: HostKey: rsa-sha2-512
DEB [20241101-15:25:12.713] thr=1   paramiko.transport: Cipher: aes128-ctr
DEB [20241101-15:25:12.714] thr=1   paramiko.transport: MAC: hmac-sha2-256-etm@openssh.com
DEB [20241101-15:25:12.714] thr=1   paramiko.transport: Compression: none
DEB [20241101-15:25:12.716] thr=1   paramiko.transport: === End of kex handshake ===
DEB [20241101-15:25:12.749] thr=1   paramiko.transport: Resetting outbound seqno after NEWKEYS due to strict mode
DEB [20241101-15:25:12.751] thr=1   paramiko.transport: kex engine KexCurve25519 specified hash_algo <built-in function openssl_sha256>
DEB [20241101-15:25:16.076] thr=1   paramiko.transport: Switch to new keys ...
DEB [20241101-15:25:16.078] thr=1   paramiko.transport: Resetting inbound seqno after NEWKEYS due to strict mode
DEB [20241101-15:25:16.125] thr=1   paramiko.transport: Auth request (type=none) service=ssh-connection, username=username
INF [20241101-15:25:16.126] thr=1   paramiko.transport: Auth rejected (none).
DEB [20241101-15:25:20.120] thr=1   paramiko.transport: Auth request (type=password) service=ssh-connection, username=username
INF [20241101-15:25:20.122] thr=1   paramiko.transport: Auth granted (password).
DEB [20241101-15:25:20.124] thr=1   paramiko.transport: [chan 0] Max packet in: 32768 bytes
DEB [20241101-15:25:20.126] thr=1   paramiko.transport: [chan 0] Max packet out: 16384 bytes
DEB [20241101-15:25:20.127] thr=1   paramiko.transport: Secsh channel 0 (session) opened.
DEB [20241101-15:27:48.205] thr=1   paramiko.transport: starting thread (server mode): 0xaf64d4e0
DEB [20241101-15:27:48.207] thr=1   paramiko.transport: Local version/idstring: SSH-2.0-paramiko_3.5.0
DEB [20241101-15:27:48.209] thr=1   paramiko.transport: Remote version/idstring: SSH-2.0-OpenSSH_9.6p1 Ubuntu-3ubuntu13.5
INF [20241101-15:27:48.209] thr=1   paramiko.transport: Connected (version 2.0, client OpenSSH_9.6p1)
DEB [20241101-15:27:48.212] thr=1   paramiko.transport: === Key exchange possibilities ===
DEB [20241101-15:27:48.213] thr=1   paramiko.transport: kex algos: sntrup761x25519-sha512@openssh.com, curve25519-sha256, curve25519-sha256@libssh.org, ecdh-sha2-nistp256, ecdh-sha2-nistp384, ecdh-sha2-nistp521, diffie-hellman-group-exchange-sha256, diffie-hellman-group16-sha512, diffie-hellman-group18-sha512, diffie-hellman-group14-sha256, ext-info-c, kex-strict-c-v00@openssh.com
DEB [20241101-15:27:48.215] thr=1   paramiko.transport: server key: ssh-ed25519-cert-v01@openssh.com, ecdsa-sha2-nistp256-cert-v01@openssh.com, ecdsa-sha2-nistp384-cert-v01@openssh.com, ecdsa-sha2-nistp521-cert-v01@openssh.com, sk-ssh-ed25519-cert-v01@openssh.com, sk-ecdsa-sha2-nistp256-cert-v01@openssh.com, rsa-sha2-512-cert-v01@openssh.com, rsa-sha2-256-cert-v01@openssh.com, ssh-ed25519, ecdsa-sha2-nistp256, ecdsa-sha2-nistp384, ecdsa-sha2-nistp521, sk-ssh-ed25519@openssh.com, sk-ecdsa-sha2-nistp256@openssh.com, rsa-sha2-512, rsa-sha2-256
DEB [20241101-15:27:48.216] thr=1   paramiko.transport: client encrypt: chacha20-poly1305@openssh.com, aes128-ctr, aes192-ctr, aes256-ctr, aes128-gcm@openssh.com, aes256-gcm@openssh.com
DEB [20241101-15:27:48.217] thr=1   paramiko.transport: server encrypt: chacha20-poly1305@openssh.com, aes128-ctr, aes192-ctr, aes256-ctr, aes128-gcm@openssh.com, aes256-gcm@openssh.com
DEB [20241101-15:27:48.217] thr=1   paramiko.transport: client mac: umac-64-etm@openssh.com, umac-128-etm@openssh.com, hmac-sha2-256-etm@openssh.com, hmac-sha2-512-etm@openssh.com, hmac-sha1-etm@openssh.com, umac-64@openssh.com, umac-128@openssh.com, hmac-sha2-256, hmac-sha2-512, hmac-sha1
DEB [20241101-15:27:48.218] thr=1   paramiko.transport: server mac: umac-64-etm@openssh.com, umac-128-etm@openssh.com, hmac-sha2-256-etm@openssh.com, hmac-sha2-512-etm@openssh.com, hmac-sha1-etm@openssh.com, umac-64@openssh.com, umac-128@openssh.com, hmac-sha2-256, hmac-sha2-512, hmac-sha1
DEB [20241101-15:27:48.219] thr=1   paramiko.transport: client compress: none, zlib@openssh.com, zlib
DEB [20241101-15:27:48.219] thr=1   paramiko.transport: server compress: none, zlib@openssh.com, zlib
DEB [20241101-15:27:48.220] thr=1   paramiko.transport: client lang: <none>
DEB [20241101-15:27:48.220] thr=1   paramiko.transport: server lang: <none>
DEB [20241101-15:27:48.221] thr=1   paramiko.transport: kex follows: False
DEB [20241101-15:27:48.221] thr=1   paramiko.transport: === Key exchange agreements ===
DEB [20241101-15:27:48.222] thr=1   paramiko.transport: Strict kex mode: True
DEB [20241101-15:27:48.223] thr=1   paramiko.transport: Kex: curve25519-sha256@libssh.org
DEB [20241101-15:27:48.223] thr=1   paramiko.transport: HostKey: rsa-sha2-512
DEB [20241101-15:27:48.224] thr=1   paramiko.transport: Cipher: aes128-ctr
DEB [20241101-15:27:48.224] thr=1   paramiko.transport: MAC: hmac-sha2-256-etm@openssh.com
DEB [20241101-15:27:48.225] thr=1   paramiko.transport: Compression: none
DEB [20241101-15:27:48.226] thr=1   paramiko.transport: === End of kex handshake ===
DEB [20241101-15:27:48.256] thr=1   paramiko.transport: Resetting outbound seqno after NEWKEYS due to strict mode
DEB [20241101-15:27:48.257] thr=1   paramiko.transport: kex engine KexCurve25519 specified hash_algo <built-in function openssl_sha256>
DEB [20241101-15:27:50.700] thr=1   paramiko.transport: Switch to new keys ...
DEB [20241101-15:27:50.701] thr=1   paramiko.transport: Resetting inbound seqno after NEWKEYS due to strict mode
DEB [20241101-15:27:50.745] thr=1   paramiko.transport: Auth request (type=none) service=ssh-connection, username=username
INF [20241101-15:27:50.746] thr=1   paramiko.transport: Auth rejected (none).
DEB [20241101-15:27:53.025] thr=1   paramiko.transport: Auth request (type=password) service=ssh-connection, username=username
INF [20241101-15:27:53.026] thr=1   paramiko.transport: Auth granted (password).
DEB [20241101-15:27:53.029] thr=1   paramiko.transport: [chan 0] Max packet in: 32768 bytes
DEB [20241101-15:27:53.030] thr=1   paramiko.transport: [chan 0] Max packet out: 16384 bytes
DEB [20241101-15:27:53.031] thr=1   paramiko.transport: Secsh channel 0 (session) opened.
DEB [20241101-15:31:49.115] thr=1   paramiko.transport: starting thread (server mode): 0x4acf54e0
DEB [20241101-15:31:49.117] thr=1   paramiko.transport: Local version/idstring: SSH-2.0-paramiko_3.5.0
DEB [20241101-15:31:49.118] thr=1   paramiko.transport: Remote version/idstring: SSH-2.0-OpenSSH_9.6p1 Ubuntu-3ubuntu13.5
INF [20241101-15:31:49.118] thr=1   paramiko.transport: Connected (version 2.0, client OpenSSH_9.6p1)
DEB [20241101-15:31:49.120] thr=1   paramiko.transport: === Key exchange possibilities ===
DEB [20241101-15:31:49.122] thr=1   paramiko.transport: kex algos: sntrup761x25519-sha512@openssh.com, curve25519-sha256, curve25519-sha256@libssh.org, ecdh-sha2-nistp256, ecdh-sha2-nistp384, ecdh-sha2-nistp521, diffie-hellman-group-exchange-sha256, diffie-hellman-group16-sha512, diffie-hellman-group18-sha512, diffie-hellman-group14-sha256, ext-info-c, kex-strict-c-v00@openssh.com
DEB [20241101-15:31:49.123] thr=1   paramiko.transport: server key: ssh-ed25519-cert-v01@openssh.com, ecdsa-sha2-nistp256-cert-v01@openssh.com, ecdsa-sha2-nistp384-cert-v01@openssh.com, ecdsa-sha2-nistp521-cert-v01@openssh.com, sk-ssh-ed25519-cert-v01@openssh.com, sk-ecdsa-sha2-nistp256-cert-v01@openssh.com, rsa-sha2-512-cert-v01@openssh.com, rsa-sha2-256-cert-v01@openssh.com, ssh-ed25519, ecdsa-sha2-nistp256, ecdsa-sha2-nistp384, ecdsa-sha2-nistp521, sk-ssh-ed25519@openssh.com, sk-ecdsa-sha2-nistp256@openssh.com, rsa-sha2-512, rsa-sha2-256
DEB [20241101-15:31:49.124] thr=1   paramiko.transport: client encrypt: chacha20-poly1305@openssh.com, aes128-ctr, aes192-ctr, aes256-ctr, aes128-gcm@openssh.com, aes256-gcm@openssh.com
DEB [20241101-15:31:49.124] thr=1   paramiko.transport: server encrypt: chacha20-poly1305@openssh.com, aes128-ctr, aes192-ctr, aes256-ctr, aes128-gcm@openssh.com, aes256-gcm@openssh.com
DEB [20241101-15:31:49.125] thr=1   paramiko.transport: client mac: umac-64-etm@openssh.com, umac-128-etm@openssh.com, hmac-sha2-256-etm@openssh.com, hmac-sha2-512-etm@openssh.com, hmac-sha1-etm@openssh.com, umac-64@openssh.com, umac-128@openssh.com, hmac-sha2-256, hmac-sha2-512, hmac-sha1
DEB [20241101-15:31:49.125] thr=1   paramiko.transport: server mac: umac-64-etm@openssh.com, umac-128-etm@openssh.com, hmac-sha2-256-etm@openssh.com, hmac-sha2-512-etm@openssh.com, hmac-sha1-etm@openssh.com, umac-64@openssh.com, umac-128@openssh.com, hmac-sha2-256, hmac-sha2-512, hmac-sha1
DEB [20241101-15:31:49.126] thr=1   paramiko.transport: client compress: none, zlib@openssh.com, zlib
DEB [20241101-15:31:49.126] thr=1   paramiko.transport: server compress: none, zlib@openssh.com, zlib
DEB [20241101-15:31:49.127] thr=1   paramiko.transport: client lang: <none>
DEB [20241101-15:31:49.128] thr=1   paramiko.transport: server lang: <none>
DEB [20241101-15:31:49.128] thr=1   paramiko.transport: kex follows: False
DEB [20241101-15:31:49.129] thr=1   paramiko.transport: === Key exchange agreements ===
DEB [20241101-15:31:49.129] thr=1   paramiko.transport: Strict kex mode: True
DEB [20241101-15:31:49.130] thr=1   paramiko.transport: Kex: curve25519-sha256@libssh.org
DEB [20241101-15:31:49.131] thr=1   paramiko.transport: HostKey: rsa-sha2-512
DEB [20241101-15:31:49.131] thr=1   paramiko.transport: Cipher: aes128-ctr
DEB [20241101-15:31:49.132] thr=1   paramiko.transport: MAC: hmac-sha2-256-etm@openssh.com
DEB [20241101-15:31:49.132] thr=1   paramiko.transport: Compression: none
DEB [20241101-15:31:49.133] thr=1   paramiko.transport: === End of kex handshake ===
DEB [20241101-15:31:49.161] thr=1   paramiko.transport: Resetting outbound seqno after NEWKEYS due to strict mode
DEB [20241101-15:31:49.162] thr=1   paramiko.transport: kex engine KexCurve25519 specified hash_algo <built-in function openssl_sha256>
DEB [20241101-15:31:51.163] thr=1   paramiko.transport: Switch to new keys ...
DEB [20241101-15:31:51.165] thr=1   paramiko.transport: Resetting inbound seqno after NEWKEYS due to strict mode
DEB [20241101-15:31:51.204] thr=1   paramiko.transport: Auth request (type=none) service=ssh-connection, username=username
INF [20241101-15:31:51.205] thr=1   paramiko.transport: Auth rejected (none).
DEB [20241101-15:31:52.486] thr=1   paramiko.transport: Auth request (type=password) service=ssh-connection, username=username
INF [20241101-15:31:52.487] thr=1   paramiko.transport: Auth granted (password).
DEB [20241101-15:31:52.489] thr=1   paramiko.transport: [chan 0] Max packet in: 32768 bytes
DEB [20241101-15:31:52.490] thr=1   paramiko.transport: [chan 0] Max packet out: 16384 bytes
DEB [20241101-15:31:52.491] thr=1   paramiko.transport: Secsh channel 0 (session) opened.
DEB [20241101-15:31:52.534] thr=1   paramiko.transport: [chan 0] EOF sent (0)
DEB [20241101-15:31:52.584] thr=1   paramiko.transport: EOF in transport thread
DEB [20241101-15:33:45.980] thr=1   paramiko.transport: starting thread (server mode): 0xff3f14e0
DEB [20241101-15:33:45.981] thr=1   paramiko.transport: Local version/idstring: SSH-2.0-paramiko_3.5.0
DEB [20241101-15:33:45.982] thr=1   paramiko.transport: Remote version/idstring: SSH-2.0-OpenSSH_9.6p1 Ubuntu-3ubuntu13.5
INF [20241101-15:33:45.983] thr=1   paramiko.transport: Connected (version 2.0, client OpenSSH_9.6p1)
DEB [20241101-15:33:45.985] thr=1   paramiko.transport: === Key exchange possibilities ===
DEB [20241101-15:33:45.985] thr=1   paramiko.transport: kex algos: sntrup761x25519-sha512@openssh.com, curve25519-sha256, curve25519-sha256@libssh.org, ecdh-sha2-nistp256, ecdh-sha2-nistp384, ecdh-sha2-nistp521, diffie-hellman-group-exchange-sha256, diffie-hellman-group16-sha512, diffie-hellman-group18-sha512, diffie-hellman-group14-sha256, ext-info-c, kex-strict-c-v00@openssh.com
DEB [20241101-15:33:45.986] thr=1   paramiko.transport: server key: ssh-ed25519-cert-v01@openssh.com, ecdsa-sha2-nistp256-cert-v01@openssh.com, ecdsa-sha2-nistp384-cert-v01@openssh.com, ecdsa-sha2-nistp521-cert-v01@openssh.com, sk-ssh-ed25519-cert-v01@openssh.com, sk-ecdsa-sha2-nistp256-cert-v01@openssh.com, rsa-sha2-512-cert-v01@openssh.com, rsa-sha2-256-cert-v01@openssh.com, ssh-ed25519, ecdsa-sha2-nistp256, ecdsa-sha2-nistp384, ecdsa-sha2-nistp521, sk-ssh-ed25519@openssh.com, sk-ecdsa-sha2-nistp256@openssh.com, rsa-sha2-512, rsa-sha2-256
DEB [20241101-15:33:45.987] thr=1   paramiko.transport: client encrypt: chacha20-poly1305@openssh.com, aes128-ctr, aes192-ctr, aes256-ctr, aes128-gcm@openssh.com, aes256-gcm@openssh.com
DEB [20241101-15:33:45.987] thr=1   paramiko.transport: server encrypt: chacha20-poly1305@openssh.com, aes128-ctr, aes192-ctr, aes256-ctr, aes128-gcm@openssh.com, aes256-gcm@openssh.com
DEB [20241101-15:33:45.988] thr=1   paramiko.transport: client mac: umac-64-etm@openssh.com, umac-128-etm@openssh.com, hmac-sha2-256-etm@openssh.com, hmac-sha2-512-etm@openssh.com, hmac-sha1-etm@openssh.com, umac-64@openssh.com, umac-128@openssh.com, hmac-sha2-256, hmac-sha2-512, hmac-sha1
DEB [20241101-15:33:45.989] thr=1   paramiko.transport: server mac: umac-64-etm@openssh.com, umac-128-etm@openssh.com, hmac-sha2-256-etm@openssh.com, hmac-sha2-512-etm@openssh.com, hmac-sha1-etm@openssh.com, umac-64@openssh.com, umac-128@openssh.com, hmac-sha2-256, hmac-sha2-512, hmac-sha1
DEB [20241101-15:33:45.989] thr=1   paramiko.transport: client compress: none, zlib@openssh.com, zlib
DEB [20241101-15:33:45.990] thr=1   paramiko.transport: server compress: none, zlib@openssh.com, zlib
DEB [20241101-15:33:45.990] thr=1   paramiko.transport: client lang: <none>
DEB [20241101-15:33:45.991] thr=1   paramiko.transport: server lang: <none>
DEB [20241101-15:33:45.992] thr=1   paramiko.transport: kex follows: False
DEB [20241101-15:33:45.992] thr=1   paramiko.transport: === Key exchange agreements ===
DEB [20241101-15:33:45.993] thr=1   paramiko.transport: Strict kex mode: True
DEB [20241101-15:33:45.994] thr=1   paramiko.transport: Kex: curve25519-sha256@libssh.org
DEB [20241101-15:33:45.994] thr=1   paramiko.transport: HostKey: rsa-sha2-512
DEB [20241101-15:33:45.995] thr=1   paramiko.transport: Cipher: aes128-ctr
DEB [20241101-15:33:45.996] thr=1   paramiko.transport: MAC: hmac-sha2-256-etm@openssh.com
DEB [20241101-15:33:45.997] thr=1   paramiko.transport: Compression: none
DEB [20241101-15:33:45.998] thr=1   paramiko.transport: === End of kex handshake ===
DEB [20241101-15:33:46.023] thr=1   paramiko.transport: Resetting outbound seqno after NEWKEYS due to strict mode
DEB [20241101-15:33:46.024] thr=1   paramiko.transport: kex engine KexCurve25519 specified hash_algo <built-in function openssl_sha256>
DEB [20241101-15:33:47.881] thr=1   paramiko.transport: Switch to new keys ...
DEB [20241101-15:33:47.883] thr=1   paramiko.transport: Resetting inbound seqno after NEWKEYS due to strict mode
DEB [20241101-15:33:47.925] thr=1   paramiko.transport: Auth request (type=none) service=ssh-connection, username=username
INF [20241101-15:33:47.926] thr=1   paramiko.transport: Auth rejected (none).
DEB [20241101-15:33:49.822] thr=1   paramiko.transport: Auth request (type=password) service=ssh-connection, username=username
INF [20241101-15:33:49.823] thr=1   paramiko.transport: Auth granted (password).
DEB [20241101-15:33:49.824] thr=1   paramiko.transport: [chan 0] Max packet in: 32768 bytes
DEB [20241101-15:33:49.825] thr=1   paramiko.transport: [chan 0] Max packet out: 16384 bytes
DEB [20241101-15:33:49.826] thr=1   paramiko.transport: Secsh channel 0 (session) opened.
DEB [20241101-15:33:49.874] thr=1   paramiko.transport: [chan 0] EOF sent (0)
DEB [20241101-15:33:49.924] thr=1   paramiko.transport: EOF in transport thread
DEB [20241101-15:34:46.206] thr=1   paramiko.transport: starting thread (server mode): 0x52cc14e0
DEB [20241101-15:34:46.207] thr=1   paramiko.transport: Local version/idstring: SSH-2.0-paramiko_3.5.0
DEB [20241101-15:34:46.208] thr=1   paramiko.transport: Remote version/idstring: SSH-2.0-OpenSSH_9.6p1 Ubuntu-3ubuntu13.5
INF [20241101-15:34:46.208] thr=1   paramiko.transport: Connected (version 2.0, client OpenSSH_9.6p1)
DEB [20241101-15:34:46.210] thr=1   paramiko.transport: === Key exchange possibilities ===
DEB [20241101-15:34:46.211] thr=1   paramiko.transport: kex algos: sntrup761x25519-sha512@openssh.com, curve25519-sha256, curve25519-sha256@libssh.org, ecdh-sha2-nistp256, ecdh-sha2-nistp384, ecdh-sha2-nistp521, diffie-hellman-group-exchange-sha256, diffie-hellman-group16-sha512, diffie-hellman-group18-sha512, diffie-hellman-group14-sha256, ext-info-c, kex-strict-c-v00@openssh.com
DEB [20241101-15:34:46.212] thr=1   paramiko.transport: server key: ssh-ed25519-cert-v01@openssh.com, ecdsa-sha2-nistp256-cert-v01@openssh.com, ecdsa-sha2-nistp384-cert-v01@openssh.com, ecdsa-sha2-nistp521-cert-v01@openssh.com, sk-ssh-ed25519-cert-v01@openssh.com, sk-ecdsa-sha2-nistp256-cert-v01@openssh.com, rsa-sha2-512-cert-v01@openssh.com, rsa-sha2-256-cert-v01@openssh.com, ssh-ed25519, ecdsa-sha2-nistp256, ecdsa-sha2-nistp384, ecdsa-sha2-nistp521, sk-ssh-ed25519@openssh.com, sk-ecdsa-sha2-nistp256@openssh.com, rsa-sha2-512, rsa-sha2-256
DEB [20241101-15:34:46.212] thr=1   paramiko.transport: client encrypt: chacha20-poly1305@openssh.com, aes128-ctr, aes192-ctr, aes256-ctr, aes128-gcm@openssh.com, aes256-gcm@openssh.com
DEB [20241101-15:34:46.213] thr=1   paramiko.transport: server encrypt: chacha20-poly1305@openssh.com, aes128-ctr, aes192-ctr, aes256-ctr, aes128-gcm@openssh.com, aes256-gcm@openssh.com
DEB [20241101-15:34:46.215] thr=1   paramiko.transport: client mac: umac-64-etm@openssh.com, umac-128-etm@openssh.com, hmac-sha2-256-etm@openssh.com, hmac-sha2-512-etm@openssh.com, hmac-sha1-etm@openssh.com, umac-64@openssh.com, umac-128@openssh.com, hmac-sha2-256, hmac-sha2-512, hmac-sha1
DEB [20241101-15:34:46.216] thr=1   paramiko.transport: server mac: umac-64-etm@openssh.com, umac-128-etm@openssh.com, hmac-sha2-256-etm@openssh.com, hmac-sha2-512-etm@openssh.com, hmac-sha1-etm@openssh.com, umac-64@openssh.com, umac-128@openssh.com, hmac-sha2-256, hmac-sha2-512, hmac-sha1
DEB [20241101-15:34:46.216] thr=1   paramiko.transport: client compress: none, zlib@openssh.com, zlib
DEB [20241101-15:34:46.217] thr=1   paramiko.transport: server compress: none, zlib@openssh.com, zlib
DEB [20241101-15:34:46.218] thr=1   paramiko.transport: client lang: <none>
DEB [20241101-15:34:46.219] thr=1   paramiko.transport: server lang: <none>
DEB [20241101-15:34:46.220] thr=1   paramiko.transport: kex follows: False
DEB [20241101-15:34:46.221] thr=1   paramiko.transport: === Key exchange agreements ===
DEB [20241101-15:34:46.222] thr=1   paramiko.transport: Strict kex mode: True
DEB [20241101-15:34:46.222] thr=1   paramiko.transport: Kex: curve25519-sha256@libssh.org
DEB [20241101-15:34:46.223] thr=1   paramiko.transport: HostKey: rsa-sha2-512
DEB [20241101-15:34:46.223] thr=1   paramiko.transport: Cipher: aes128-ctr
DEB [20241101-15:34:46.224] thr=1   paramiko.transport: MAC: hmac-sha2-256-etm@openssh.com
DEB [20241101-15:34:46.225] thr=1   paramiko.transport: Compression: none
DEB [20241101-15:34:46.225] thr=1   paramiko.transport: === End of kex handshake ===
DEB [20241101-15:34:46.260] thr=1   paramiko.transport: Resetting outbound seqno after NEWKEYS due to strict mode
DEB [20241101-15:34:46.261] thr=1   paramiko.transport: kex engine KexCurve25519 specified hash_algo <built-in function openssl_sha256>
DEB [20241101-15:34:48.795] thr=1   paramiko.transport: Switch to new keys ...
DEB [20241101-15:34:48.797] thr=1   paramiko.transport: Resetting inbound seqno after NEWKEYS due to strict mode
DEB [20241101-15:34:48.800] thr=1   paramiko.transport: Auth request (type=none) service=ssh-connection, username=username
INF [20241101-15:34:48.800] thr=1   paramiko.transport: Auth rejected (none).
DEB [20241101-15:34:50.316] thr=1   paramiko.transport: Auth request (type=password) service=ssh-connection, username=username
INF [20241101-15:34:50.317] thr=1   paramiko.transport: Auth granted (password).
DEB [20241101-15:34:50.320] thr=1   paramiko.transport: [chan 0] Max packet in: 32768 bytes
DEB [20241101-15:34:50.321] thr=1   paramiko.transport: [chan 0] Max packet out: 16384 bytes
DEB [20241101-15:34:50.322] thr=1   paramiko.transport: Secsh channel 0 (session) opened.
DEB [20241101-16:26:58.072] thr=1   paramiko.transport: starting thread (server mode): 0xa24d510
DEB [20241101-16:26:58.073] thr=1   paramiko.transport: Local version/idstring: SSH-2.0-paramiko_3.5.0
DEB [20241101-16:26:58.074] thr=1   paramiko.transport: Remote version/idstring: SSH-2.0-OpenSSH_9.6p1 Ubuntu-3ubuntu13.5
INF [20241101-16:26:58.075] thr=1   paramiko.transport: Connected (version 2.0, client OpenSSH_9.6p1)
DEB [20241101-16:26:58.077] thr=1   paramiko.transport: === Key exchange possibilities ===
DEB [20241101-16:26:58.078] thr=1   paramiko.transport: kex algos: sntrup761x25519-sha512@openssh.com, curve25519-sha256, curve25519-sha256@libssh.org, ecdh-sha2-nistp256, ecdh-sha2-nistp384, ecdh-sha2-nistp521, diffie-hellman-group-exchange-sha256, diffie-hellman-group16-sha512, diffie-hellman-group18-sha512, diffie-hellman-group14-sha256, ext-info-c, kex-strict-c-v00@openssh.com
DEB [20241101-16:26:58.079] thr=1   paramiko.transport: server key: ssh-ed25519-cert-v01@openssh.com, ecdsa-sha2-nistp256-cert-v01@openssh.com, ecdsa-sha2-nistp384-cert-v01@openssh.com, ecdsa-sha2-nistp521-cert-v01@openssh.com, sk-ssh-ed25519-cert-v01@openssh.com, sk-ecdsa-sha2-nistp256-cert-v01@openssh.com, rsa-sha2-512-cert-v01@openssh.com, rsa-sha2-256-cert-v01@openssh.com, ssh-ed25519, ecdsa-sha2-nistp256, ecdsa-sha2-nistp384, ecdsa-sha2-nistp521, sk-ssh-ed25519@openssh.com, sk-ecdsa-sha2-nistp256@openssh.com, rsa-sha2-512, rsa-sha2-256
DEB [20241101-16:26:58.080] thr=1   paramiko.transport: client encrypt: chacha20-poly1305@openssh.com, aes128-ctr, aes192-ctr, aes256-ctr, aes128-gcm@openssh.com, aes256-gcm@openssh.com
DEB [20241101-16:26:58.081] thr=1   paramiko.transport: server encrypt: chacha20-poly1305@openssh.com, aes128-ctr, aes192-ctr, aes256-ctr, aes128-gcm@openssh.com, aes256-gcm@openssh.com
DEB [20241101-16:26:58.081] thr=1   paramiko.transport: client mac: umac-64-etm@openssh.com, umac-128-etm@openssh.com, hmac-sha2-256-etm@openssh.com, hmac-sha2-512-etm@openssh.com, hmac-sha1-etm@openssh.com, umac-64@openssh.com, umac-128@openssh.com, hmac-sha2-256, hmac-sha2-512, hmac-sha1
DEB [20241101-16:26:58.082] thr=1   paramiko.transport: server mac: umac-64-etm@openssh.com, umac-128-etm@openssh.com, hmac-sha2-256-etm@openssh.com, hmac-sha2-512-etm@openssh.com, hmac-sha1-etm@openssh.com, umac-64@openssh.com, umac-128@openssh.com, hmac-sha2-256, hmac-sha2-512, hmac-sha1
DEB [20241101-16:26:58.082] thr=1   paramiko.transport: client compress: none, zlib@openssh.com, zlib
DEB [20241101-16:26:58.083] thr=1   paramiko.transport: server compress: none, zlib@openssh.com, zlib
DEB [20241101-16:26:58.083] thr=1   paramiko.transport: client lang: <none>
DEB [20241101-16:26:58.084] thr=1   paramiko.transport: server lang: <none>
DEB [20241101-16:26:58.084] thr=1   paramiko.transport: kex follows: False
DEB [20241101-16:26:58.085] thr=1   paramiko.transport: === Key exchange agreements ===
DEB [20241101-16:26:58.086] thr=1   paramiko.transport: Strict kex mode: True
DEB [20241101-16:26:58.086] thr=1   paramiko.transport: Kex: curve25519-sha256@libssh.org
DEB [20241101-16:26:58.087] thr=1   paramiko.transport: HostKey: rsa-sha2-512
DEB [20241101-16:26:58.087] thr=1   paramiko.transport: Cipher: aes128-ctr
DEB [20241101-16:26:58.088] thr=1   paramiko.transport: MAC: hmac-sha2-256-etm@openssh.com
DEB [20241101-16:26:58.088] thr=1   paramiko.transport: Compression: none
DEB [20241101-16:26:58.089] thr=1   paramiko.transport: === End of kex handshake ===
DEB [20241101-16:26:58.114] thr=1   paramiko.transport: Resetting outbound seqno after NEWKEYS due to strict mode
DEB [20241101-16:26:58.115] thr=1   paramiko.transport: kex engine KexCurve25519 specified hash_algo <built-in function openssl_sha256>
DEB [20241101-16:27:00.259] thr=1   paramiko.transport: Switch to new keys ...
DEB [20241101-16:27:00.260] thr=1   paramiko.transport: Resetting inbound seqno after NEWKEYS due to strict mode
DEB [20241101-16:27:00.301] thr=1   paramiko.transport: Auth request (type=none) service=ssh-connection, username=username
INF [20241101-16:27:00.302] thr=1   paramiko.transport: Auth rejected (none).
DEB [20241101-16:27:01.916] thr=1   paramiko.transport: Auth request (type=password) service=ssh-connection, username=username
INF [20241101-16:27:01.917] thr=1   paramiko.transport: Auth granted (password).
DEB [20241101-16:27:01.919] thr=1   paramiko.transport: [chan 0] Max packet in: 32768 bytes
DEB [20241101-16:27:01.920] thr=1   paramiko.transport: [chan 0] Max packet out: 16384 bytes
DEB [20241101-16:27:01.922] thr=1   paramiko.transport: Secsh channel 0 (session) opened.
DEB [20241101-16:44:02.712] thr=1   paramiko.transport: starting thread (server mode): 0x27b4d480
DEB [20241101-16:44:02.717] thr=1   paramiko.transport: Local version/idstring: SSH-2.0-paramiko_3.5.0
DEB [20241101-16:44:02.720] thr=1   paramiko.transport: Remote version/idstring: SSH-2.0-OpenSSH_9.6p1 Ubuntu-3ubuntu13.5
INF [20241101-16:44:02.721] thr=1   paramiko.transport: Connected (version 2.0, client OpenSSH_9.6p1)
DEB [20241101-16:44:02.725] thr=1   paramiko.transport: === Key exchange possibilities ===
DEB [20241101-16:44:02.727] thr=1   paramiko.transport: kex algos: sntrup761x25519-sha512@openssh.com, curve25519-sha256, curve25519-sha256@libssh.org, ecdh-sha2-nistp256, ecdh-sha2-nistp384, ecdh-sha2-nistp521, diffie-hellman-group-exchange-sha256, diffie-hellman-group16-sha512, diffie-hellman-group18-sha512, diffie-hellman-group14-sha256, ext-info-c, kex-strict-c-v00@openssh.com
DEB [20241101-16:44:02.728] thr=1   paramiko.transport: server key: rsa-sha2-512-cert-v01@openssh.com, rsa-sha2-256-cert-v01@openssh.com, rsa-sha2-512, rsa-sha2-256, ssh-ed25519-cert-v01@openssh.com, ecdsa-sha2-nistp256-cert-v01@openssh.com, ecdsa-sha2-nistp384-cert-v01@openssh.com, ecdsa-sha2-nistp521-cert-v01@openssh.com, sk-ssh-ed25519-cert-v01@openssh.com, sk-ecdsa-sha2-nistp256-cert-v01@openssh.com, ssh-ed25519, ecdsa-sha2-nistp256, ecdsa-sha2-nistp384, ecdsa-sha2-nistp521, sk-ssh-ed25519@openssh.com, sk-ecdsa-sha2-nistp256@openssh.com
DEB [20241101-16:44:02.730] thr=1   paramiko.transport: client encrypt: chacha20-poly1305@openssh.com, aes128-ctr, aes192-ctr, aes256-ctr, aes128-gcm@openssh.com, aes256-gcm@openssh.com
DEB [20241101-16:44:02.730] thr=1   paramiko.transport: server encrypt: chacha20-poly1305@openssh.com, aes128-ctr, aes192-ctr, aes256-ctr, aes128-gcm@openssh.com, aes256-gcm@openssh.com
DEB [20241101-16:44:02.731] thr=1   paramiko.transport: client mac: umac-64-etm@openssh.com, umac-128-etm@openssh.com, hmac-sha2-256-etm@openssh.com, hmac-sha2-512-etm@openssh.com, hmac-sha1-etm@openssh.com, umac-64@openssh.com, umac-128@openssh.com, hmac-sha2-256, hmac-sha2-512, hmac-sha1
DEB [20241101-16:44:02.734] thr=1   paramiko.transport: server mac: umac-64-etm@openssh.com, umac-128-etm@openssh.com, hmac-sha2-256-etm@openssh.com, hmac-sha2-512-etm@openssh.com, hmac-sha1-etm@openssh.com, umac-64@openssh.com, umac-128@openssh.com, hmac-sha2-256, hmac-sha2-512, hmac-sha1
DEB [20241101-16:44:02.737] thr=1   paramiko.transport: client compress: none, zlib@openssh.com, zlib
DEB [20241101-16:44:02.740] thr=1   paramiko.transport: server compress: none, zlib@openssh.com, zlib
DEB [20241101-16:44:02.742] thr=1   paramiko.transport: client lang: <none>
DEB [20241101-16:44:02.744] thr=1   paramiko.transport: server lang: <none>
DEB [20241101-16:44:02.746] thr=1   paramiko.transport: kex follows: False
DEB [20241101-16:44:02.748] thr=1   paramiko.transport: === Key exchange agreements ===
DEB [20241101-16:44:02.750] thr=1   paramiko.transport: Strict kex mode: True
DEB [20241101-16:44:02.752] thr=1   paramiko.transport: Kex: curve25519-sha256@libssh.org
DEB [20241101-16:44:02.754] thr=1   paramiko.transport: HostKey: rsa-sha2-512
DEB [20241101-16:44:02.755] thr=1   paramiko.transport: Cipher: aes128-ctr
DEB [20241101-16:44:02.757] thr=1   paramiko.transport: MAC: hmac-sha2-256-etm@openssh.com
DEB [20241101-16:44:02.758] thr=1   paramiko.transport: Compression: none
DEB [20241101-16:44:02.759] thr=1   paramiko.transport: === End of kex handshake ===
DEB [20241101-16:44:02.804] thr=1   paramiko.transport: Resetting outbound seqno after NEWKEYS due to strict mode
DEB [20241101-16:44:02.805] thr=1   paramiko.transport: kex engine KexCurve25519 specified hash_algo <built-in function openssl_sha256>
DEB [20241101-16:44:02.812] thr=1   paramiko.transport: EOF in transport thread
DEB [20241101-16:44:08.958] thr=2   paramiko.transport: starting thread (server mode): 0x27b4e140
DEB [20241101-16:44:08.960] thr=2   paramiko.transport: Local version/idstring: SSH-2.0-paramiko_3.5.0
DEB [20241101-16:44:08.961] thr=2   paramiko.transport: Remote version/idstring: SSH-2.0-OpenSSH_9.6p1 Ubuntu-3ubuntu13.5
INF [20241101-16:44:08.962] thr=2   paramiko.transport: Connected (version 2.0, client OpenSSH_9.6p1)
DEB [20241101-16:44:08.964] thr=2   paramiko.transport: === Key exchange possibilities ===
DEB [20241101-16:44:08.965] thr=2   paramiko.transport: kex algos: sntrup761x25519-sha512@openssh.com, curve25519-sha256, curve25519-sha256@libssh.org, ecdh-sha2-nistp256, ecdh-sha2-nistp384, ecdh-sha2-nistp521, diffie-hellman-group-exchange-sha256, diffie-hellman-group16-sha512, diffie-hellman-group18-sha512, diffie-hellman-group14-sha256, ext-info-c, kex-strict-c-v00@openssh.com
DEB [20241101-16:44:08.967] thr=2   paramiko.transport: server key: ssh-ed25519-cert-v01@openssh.com, ecdsa-sha2-nistp256-cert-v01@openssh.com, ecdsa-sha2-nistp384-cert-v01@openssh.com, ecdsa-sha2-nistp521-cert-v01@openssh.com, sk-ssh-ed25519-cert-v01@openssh.com, sk-ecdsa-sha2-nistp256-cert-v01@openssh.com, rsa-sha2-512-cert-v01@openssh.com, rsa-sha2-256-cert-v01@openssh.com, ssh-ed25519, ecdsa-sha2-nistp256, ecdsa-sha2-nistp384, ecdsa-sha2-nistp521, sk-ssh-ed25519@openssh.com, sk-ecdsa-sha2-nistp256@openssh.com, rsa-sha2-512, rsa-sha2-256
DEB [20241101-16:44:08.968] thr=2   paramiko.transport: client encrypt: chacha20-poly1305@openssh.com, aes128-ctr, aes192-ctr, aes256-ctr, aes128-gcm@openssh.com, aes256-gcm@openssh.com
DEB [20241101-16:44:08.969] thr=2   paramiko.transport: server encrypt: chacha20-poly1305@openssh.com, aes128-ctr, aes192-ctr, aes256-ctr, aes128-gcm@openssh.com, aes256-gcm@openssh.com
DEB [20241101-16:44:08.971] thr=2   paramiko.transport: client mac: umac-64-etm@openssh.com, umac-128-etm@openssh.com, hmac-sha2-256-etm@openssh.com, hmac-sha2-512-etm@openssh.com, hmac-sha1-etm@openssh.com, umac-64@openssh.com, umac-128@openssh.com, hmac-sha2-256, hmac-sha2-512, hmac-sha1
DEB [20241101-16:44:08.972] thr=2   paramiko.transport: server mac: umac-64-etm@openssh.com, umac-128-etm@openssh.com, hmac-sha2-256-etm@openssh.com, hmac-sha2-512-etm@openssh.com, hmac-sha1-etm@openssh.com, umac-64@openssh.com, umac-128@openssh.com, hmac-sha2-256, hmac-sha2-512, hmac-sha1
DEB [20241101-16:44:08.974] thr=2   paramiko.transport: client compress: none, zlib@openssh.com, zlib
DEB [20241101-16:44:08.976] thr=2   paramiko.transport: server compress: none, zlib@openssh.com, zlib
DEB [20241101-16:44:08.976] thr=2   paramiko.transport: client lang: <none>
DEB [20241101-16:44:08.977] thr=2   paramiko.transport: server lang: <none>
DEB [20241101-16:44:08.978] thr=2   paramiko.transport: kex follows: False
DEB [20241101-16:44:08.978] thr=2   paramiko.transport: === Key exchange agreements ===
DEB [20241101-16:44:08.979] thr=2   paramiko.transport: Strict kex mode: True
DEB [20241101-16:44:08.980] thr=2   paramiko.transport: Kex: curve25519-sha256@libssh.org
DEB [20241101-16:44:08.982] thr=2   paramiko.transport: HostKey: rsa-sha2-512
DEB [20241101-16:44:08.984] thr=2   paramiko.transport: Cipher: aes128-ctr
DEB [20241101-16:44:08.986] thr=2   paramiko.transport: MAC: hmac-sha2-256-etm@openssh.com
DEB [20241101-16:44:08.989] thr=2   paramiko.transport: Compression: none
DEB [20241101-16:44:08.990] thr=2   paramiko.transport: === End of kex handshake ===
DEB [20241101-16:44:08.994] thr=2   paramiko.transport: Resetting outbound seqno after NEWKEYS due to strict mode
DEB [20241101-16:44:08.995] thr=2   paramiko.transport: kex engine KexCurve25519 specified hash_algo <built-in function openssl_sha256>
DEB [20241101-16:44:11.133] thr=2   paramiko.transport: Switch to new keys ...
DEB [20241101-16:44:11.136] thr=2   paramiko.transport: Resetting inbound seqno after NEWKEYS due to strict mode
DEB [20241101-16:44:11.180] thr=2   paramiko.transport: Auth request (type=none) service=ssh-connection, username=username
INF [20241101-16:44:11.182] thr=2   paramiko.transport: Auth rejected (none).
DEB [20241101-16:44:14.908] thr=2   paramiko.transport: Auth request (type=password) service=ssh-connection, username=username
INF [20241101-16:44:14.910] thr=2   paramiko.transport: Auth granted (password).
DEB [20241101-16:44:14.914] thr=2   paramiko.transport: [chan 0] Max packet in: 32768 bytes
DEB [20241101-16:44:14.915] thr=2   paramiko.transport: [chan 0] Max packet out: 16384 bytes
DEB [20241101-16:44:14.917] thr=2   paramiko.transport: Secsh channel 0 (session) opened.
DEB [20241102-11:16:05.743] thr=1   paramiko.transport: starting thread (server mode): 0x66dbd510
DEB [20241102-11:16:05.745] thr=1   paramiko.transport: Local version/idstring: SSH-2.0-paramiko_3.5.0
DEB [20241102-11:16:05.746] thr=1   paramiko.transport: Remote version/idstring: SSH-2.0-OpenSSH_9.6p1 Ubuntu-3ubuntu13.5
INF [20241102-11:16:05.747] thr=1   paramiko.transport: Connected (version 2.0, client OpenSSH_9.6p1)
DEB [20241102-11:16:05.748] thr=1   paramiko.transport: === Key exchange possibilities ===
DEB [20241102-11:16:05.749] thr=1   paramiko.transport: kex algos: sntrup761x25519-sha512@openssh.com, curve25519-sha256, curve25519-sha256@libssh.org, ecdh-sha2-nistp256, ecdh-sha2-nistp384, ecdh-sha2-nistp521, diffie-hellman-group-exchange-sha256, diffie-hellman-group16-sha512, diffie-hellman-group18-sha512, diffie-hellman-group14-sha256, ext-info-c, kex-strict-c-v00@openssh.com
DEB [20241102-11:16:05.750] thr=1   paramiko.transport: server key: ssh-ed25519-cert-v01@openssh.com, ecdsa-sha2-nistp256-cert-v01@openssh.com, ecdsa-sha2-nistp384-cert-v01@openssh.com, ecdsa-sha2-nistp521-cert-v01@openssh.com, sk-ssh-ed25519-cert-v01@openssh.com, sk-ecdsa-sha2-nistp256-cert-v01@openssh.com, rsa-sha2-512-cert-v01@openssh.com, rsa-sha2-256-cert-v01@openssh.com, ssh-ed25519, ecdsa-sha2-nistp256, ecdsa-sha2-nistp384, ecdsa-sha2-nistp521, sk-ssh-ed25519@openssh.com, sk-ecdsa-sha2-nistp256@openssh.com, rsa-sha2-512, rsa-sha2-256
DEB [20241102-11:16:05.750] thr=1   paramiko.transport: client encrypt: chacha20-poly1305@openssh.com, aes128-ctr, aes192-ctr, aes256-ctr, aes128-gcm@openssh.com, aes256-gcm@openssh.com
DEB [20241102-11:16:05.751] thr=1   paramiko.transport: server encrypt: chacha20-poly1305@openssh.com, aes128-ctr, aes192-ctr, aes256-ctr, aes128-gcm@openssh.com, aes256-gcm@openssh.com
DEB [20241102-11:16:05.752] thr=1   paramiko.transport: client mac: umac-64-etm@openssh.com, umac-128-etm@openssh.com, hmac-sha2-256-etm@openssh.com, hmac-sha2-512-etm@openssh.com, hmac-sha1-etm@openssh.com, umac-64@openssh.com, umac-128@openssh.com, hmac-sha2-256, hmac-sha2-512, hmac-sha1
DEB [20241102-11:16:05.752] thr=1   paramiko.transport: server mac: umac-64-etm@openssh.com, umac-128-etm@openssh.com, hmac-sha2-256-etm@openssh.com, hmac-sha2-512-etm@openssh.com, hmac-sha1-etm@openssh.com, umac-64@openssh.com, umac-128@openssh.com, hmac-sha2-256, hmac-sha2-512, hmac-sha1
DEB [20241102-11:16:05.753] thr=1   paramiko.transport: client compress: none, zlib@openssh.com, zlib
DEB [20241102-11:16:05.753] thr=1   paramiko.transport: server compress: none, zlib@openssh.com, zlib
DEB [20241102-11:16:05.753] thr=1   paramiko.transport: client lang: <none>
DEB [20241102-11:16:05.754] thr=1   paramiko.transport: server lang: <none>
DEB [20241102-11:16:05.755] thr=1   paramiko.transport: kex follows: False
DEB [20241102-11:16:05.755] thr=1   paramiko.transport: === Key exchange agreements ===
DEB [20241102-11:16:05.756] thr=1   paramiko.transport: Strict kex mode: True
DEB [20241102-11:16:05.756] thr=1   paramiko.transport: Kex: curve25519-sha256@libssh.org
DEB [20241102-11:16:05.757] thr=1   paramiko.transport: HostKey: rsa-sha2-512
DEB [20241102-11:16:05.757] thr=1   paramiko.transport: Cipher: aes128-ctr
DEB [20241102-11:16:05.758] thr=1   paramiko.transport: MAC: hmac-sha2-256-etm@openssh.com
DEB [20241102-11:16:05.758] thr=1   paramiko.transport: Compression: none
DEB [20241102-11:16:05.758] thr=1   paramiko.transport: === End of kex handshake ===
DEB [20241102-11:16:05.782] thr=1   paramiko.transport: Resetting outbound seqno after NEWKEYS due to strict mode
DEB [20241102-11:16:05.783] thr=1   paramiko.transport: kex engine KexCurve25519 specified hash_algo <built-in function openssl_sha256>
DEB [20241102-11:16:08.726] thr=1   paramiko.transport: Switch to new keys ...
DEB [20241102-11:16:08.728] thr=1   paramiko.transport: Resetting inbound seqno after NEWKEYS due to strict mode
DEB [20241102-11:16:08.769] thr=1   paramiko.transport: Auth request (type=none) service=ssh-connection, username=username
INF [20241102-11:16:08.769] thr=1   paramiko.transport: Auth rejected (none).
DEB [20241102-11:16:11.023] thr=1   paramiko.transport: Auth request (type=password) service=ssh-connection, username=username
INF [20241102-11:16:11.024] thr=1   paramiko.transport: Auth granted (password).
DEB [20241102-11:16:11.025] thr=1   paramiko.transport: [chan 0] Max packet in: 32768 bytes
DEB [20241102-11:16:11.026] thr=1   paramiko.transport: [chan 0] Max packet out: 16384 bytes
DEB [20241102-11:16:11.027] thr=1   paramiko.transport: Secsh channel 0 (session) opened.
